Start: Fri Feb 27 12:27:06 CET 2026
I ran on:
clone-1-50
This module does not load any PETSc installation. You should set PETSC_DIR, PETSC_ARCH and LD_LIBRARY_PATH to a local installation. 
For example:
export PETSC_DIR=your-petsc-dir
export PETSC_ARCH=arch-linux-c-opt
export LD_LIBRARY_PATH="$LD_LIBRARY_PATH:$PETSC_DIR/$PETSC_ARCH/lib"


To install the library, run pip install . in the folder where you downloaded the encapsulatedpgd repo


Defaulting to user installation because normal site-packages is not writeable
Requirement already satisfied: numpy in /clonetroop/postdoc/borst/.local/lib/python3.10/site-packages (2.2.5)
Requirement already satisfied: torch in /clonetroop/postdoc/borst/.local/lib/python3.10/site-packages (2.7.0)
Requirement already satisfied: scikit-learn in /clonetroop/postdoc/borst/.local/lib/python3.10/site-packages (1.6.1)
Requirement already satisfied: lion_pytorch in /clonetroop/postdoc/borst/.local/lib/python3.10/site-packages (0.2.3)
Requirement already satisfied: ray[tune] in /clonetroop/postdoc/borst/.local/lib/python3.10/site-packages (2.47.1)
Requirement already satisfied: nvidia-cuda-nvrtc-cu12==12.6.77 in /clonetroop/postdoc/borst/.local/lib/python3.10/site-packages (from torch) (12.6.77)
Requirement already satisfied: nvidia-cudnn-cu12==9.5.1.17 in /clonetroop/postdoc/borst/.local/lib/python3.10/site-packages (from torch) (9.5.1.17)
Requirement already satisfied: fsspec in /clonetroop/lacan/software/gnu12/Python/3.10.8-GCCcore-12.2.0/lib/python3.10/site-packages (from torch) (2022.11.0)
Requirement already satisfied: nvidia-nvtx-cu12==12.6.77 in /clonetroop/postdoc/borst/.local/lib/python3.10/site-packages (from torch) (12.6.77)
Requirement already satisfied: nvidia-nccl-cu12==2.26.2 in /clonetroop/postdoc/borst/.local/lib/python3.10/site-packages (from torch) (2.26.2)
Requirement already satisfied: nvidia-cufft-cu12==11.3.0.4 in /clonetroop/postdoc/borst/.local/lib/python3.10/site-packages (from torch) (11.3.0.4)
Requirement already satisfied: nvidia-curand-cu12==10.3.7.77 in /clonetroop/postdoc/borst/.local/lib/python3.10/site-packages (from torch) (10.3.7.77)
Requirement already satisfied: nvidia-cuda-runtime-cu12==12.6.77 in /clonetroop/postdoc/borst/.local/lib/python3.10/site-packages (from torch) (12.6.77)
Requirement already satisfied: typing-extensions>=4.10.0 in /clonetroop/postdoc/borst/.local/lib/python3.10/site-packages (from torch) (4.13.2)
Requirement already satisfied: nvidia-cusparse-cu12==12.5.4.2 in /clonetroop/postdoc/borst/.local/lib/python3.10/site-packages (from torch) (12.5.4.2)
Requirement already satisfied: jinja2 in /clonetroop/lacan/software/gnu12/Python/3.10.8-GCCcore-12.2.0/lib/python3.10/site-packages (from torch) (3.1.2)
Requirement already satisfied: nvidia-nvjitlink-cu12==12.6.85 in /clonetroop/postdoc/borst/.local/lib/python3.10/site-packages (from torch) (12.6.85)
Requirement already satisfied: filelock in /clonetroop/lacan/software/gnu12/Python/3.10.8-GCCcore-12.2.0/lib/python3.10/site-packages (from torch) (3.8.0)
Requirement already satisfied: nvidia-cuda-cupti-cu12==12.6.80 in /clonetroop/postdoc/borst/.local/lib/python3.10/site-packages (from torch) (12.6.80)
Requirement already satisfied: nvidia-cusolver-cu12==11.7.1.2 in /clonetroop/postdoc/borst/.local/lib/python3.10/site-packages (from torch) (11.7.1.2)
Requirement already satisfied: nvidia-cusparselt-cu12==0.6.3 in /clonetroop/postdoc/borst/.local/lib/python3.10/site-packages (from torch) (0.6.3)
Requirement already satisfied: nvidia-cufile-cu12==1.11.1.6 in /clonetroop/postdoc/borst/.local/lib/python3.10/site-packages (from torch) (1.11.1.6)
Requirement already satisfied: networkx in /clonetroop/postdoc/borst/.local/lib/python3.10/site-packages (from torch) (3.4.2)
Requirement already satisfied: sympy>=1.13.3 in /clonetroop/postdoc/borst/.local/lib/python3.10/site-packages (from torch) (1.14.0)
Requirement already satisfied: nvidia-cublas-cu12==12.6.4.1 in /clonetroop/postdoc/borst/.local/lib/python3.10/site-packages (from torch) (12.6.4.1)
Requirement already satisfied: triton==3.3.0 in /clonetroop/postdoc/borst/.local/lib/python3.10/site-packages (from torch) (3.3.0)
Requirement already satisfied: setuptools>=40.8.0 in /clonetroop/lacan/software/gnu12/Python/3.10.8-GCCcore-12.2.0/lib/python3.10/site-packages (from triton==3.3.0->torch) (63.4.3)
Requirement already satisfied: scipy>=1.6.0 in /clonetroop/postdoc/borst/.local/lib/python3.10/site-packages (from scikit-learn) (1.15.2)
Requirement already satisfied: joblib>=1.2.0 in /clonetroop/postdoc/borst/.local/lib/python3.10/site-packages (from scikit-learn) (1.5.0)
Requirement already satisfied: threadpoolctl>=3.1.0 in /clonetroop/lacan/software/gnu12/Python/3.10.8-GCCcore-12.2.0/lib/python3.10/site-packages (from scikit-learn) (3.1.0)
Requirement already satisfied: protobuf!=3.19.5,>=3.15.3 in /clonetroop/postdoc/borst/.local/lib/python3.10/site-packages (from ray[tune]) (6.31.1)
Requirement already satisfied: jsonschema in /clonetroop/lacan/software/gnu12/Python/3.10.8-GCCcore-12.2.0/lib/python3.10/site-packages (from ray[tune]) (4.17.0)
Requirement already satisfied: pyyaml in /clonetroop/postdoc/borst/.local/lib/python3.10/site-packages (from ray[tune]) (6.0.2)
Requirement already satisfied: packaging in /clonetroop/postdoc/borst/.local/lib/python3.10/site-packages (from ray[tune]) (25.0)
Requirement already satisfied: click>=7.0 in /clonetroop/lacan/software/gnu12/Python/3.10.8-GCCcore-12.2.0/lib/python3.10/site-packages (from ray[tune]) (8.1.3)
Requirement already satisfied: msgpack<2.0.0,>=1.0.0 in /clonetroop/lacan/software/gnu12/Python/3.10.8-GCCcore-12.2.0/lib/python3.10/site-packages (from ray[tune]) (1.0.4)
Requirement already satisfied: requests in /clonetroop/lacan/software/gnu12/Python/3.10.8-GCCcore-12.2.0/lib/python3.10/site-packages (from ray[tune]) (2.28.1)
Requirement already satisfied: pyarrow>=9.0.0 in /clonetroop/postdoc/borst/.local/lib/python3.10/site-packages (from ray[tune]) (20.0.0)
Requirement already satisfied: pandas in /clonetroop/postdoc/borst/.local/lib/python3.10/site-packages (from ray[tune]) (2.3.0)
Requirement already satisfied: tensorboardX>=1.9 in /clonetroop/postdoc/borst/.local/lib/python3.10/site-packages (from ray[tune]) (2.6.4)
Requirement already satisfied: mpmath<1.4,>=1.1.0 in /clonetroop/postdoc/borst/.local/lib/python3.10/site-packages (from sympy>=1.13.3->torch) (1.3.0)
Requirement already satisfied: MarkupSafe>=2.0 in /clonetroop/lacan/software/gnu12/Python/3.10.8-GCCcore-12.2.0/lib/python3.10/site-packages (from jinja2->torch) (2.1.1)
Requirement already satisfied: pyrsistent!=0.17.0,!=0.17.1,!=0.17.2,>=0.14.0 in /clonetroop/lacan/software/gnu12/Python/3.10.8-GCCcore-12.2.0/lib/python3.10/site-packages (from jsonschema->ray[tune]) (0.19.2)
Requirement already satisfied: attrs>=17.4.0 in /clonetroop/lacan/software/gnu12/Python/3.10.8-GCCcore-12.2.0/lib/python3.10/site-packages (from jsonschema->ray[tune]) (22.1.0)
Requirement already satisfied: pytz>=2020.1 in /clonetroop/lacan/software/gnu12/Python/3.10.8-GCCcore-12.2.0/lib/python3.10/site-packages (from pandas->ray[tune]) (2022.6)
Requirement already satisfied: python-dateutil>=2.8.2 in /clonetroop/postdoc/borst/.local/lib/python3.10/site-packages (from pandas->ray[tune]) (2.9.0.post0)
Requirement already satisfied: tzdata>=2022.7 in /clonetroop/postdoc/borst/.local/lib/python3.10/site-packages (from pandas->ray[tune]) (2025.2)
Requirement already satisfied: urllib3<1.27,>=1.21.1 in /clonetroop/lacan/software/gnu12/Python/3.10.8-GCCcore-12.2.0/lib/python3.10/site-packages (from requests->ray[tune]) (1.26.12)
Requirement already satisfied: charset-normalizer<3,>=2 in /clonetroop/lacan/software/gnu12/Python/3.10.8-GCCcore-12.2.0/lib/python3.10/site-packages (from requests->ray[tune]) (2.1.1)
Requirement already satisfied: idna<4,>=2.5 in /clonetroop/lacan/software/gnu12/Python/3.10.8-GCCcore-12.2.0/lib/python3.10/site-packages (from requests->ray[tune]) (3.4)
Requirement already satisfied: certifi>=2017.4.17 in /clonetroop/lacan/software/gnu12/Python/3.10.8-GCCcore-12.2.0/lib/python3.10/site-packages (from requests->ray[tune]) (2022.9.24)
Requirement already satisfied: six>=1.5 in /clonetroop/lacan/software/gnu12/Python/3.10.8-GCCcore-12.2.0/lib/python3.10/site-packages (from python-dateutil>=2.8.2->pandas->ray[tune]) (1.16.0)

[notice] A new release of pip available: 22.3.1 -> 26.0.1
[notice] To update, run: pip install --upgrade pip
INFO:root:Number of trainable parameters: 96777
INFO:nn_predictors.spils_net:Epoch 1/5000, Train Loss (MSE): 0.13353466, Val Loss (MSE): 0.04400997, Best Epoch: 1, Best Val Loss: 0.04400997
INFO:nn_predictors.spils_net:Epoch 2/5000, Train Loss (MSE): 0.03000812, Val Loss (MSE): 0.01836909, Best Epoch: 2, Best Val Loss: 0.01836909
INFO:nn_predictors.spils_net:Epoch 3/5000, Train Loss (MSE): 0.01808136, Val Loss (MSE): 0.01083890, Best Epoch: 3, Best Val Loss: 0.01083890
INFO:nn_predictors.spils_net:Epoch 4/5000, Train Loss (MSE): 0.01383901, Val Loss (MSE): 0.00851808, Best Epoch: 4, Best Val Loss: 0.00851808
INFO:nn_predictors.spils_net:Epoch 5/5000, Train Loss (MSE): 0.01072467, Val Loss (MSE): 0.00676612, Best Epoch: 5, Best Val Loss: 0.00676612
INFO:nn_predictors.spils_net:Epoch 6/5000, Train Loss (MSE): 0.00870134, Val Loss (MSE): 0.00730502, Best Epoch: 5, Best Val Loss: 0.00676612
INFO:nn_predictors.spils_net:Epoch 7/5000, Train Loss (MSE): 0.00869892, Val Loss (MSE): 0.00493513, Best Epoch: 7, Best Val Loss: 0.00493513
INFO:nn_predictors.spils_net:Epoch 8/5000, Train Loss (MSE): 0.00677381, Val Loss (MSE): 0.00542765, Best Epoch: 7, Best Val Loss: 0.00493513
INFO:nn_predictors.spils_net:Epoch 9/5000, Train Loss (MSE): 0.00573366, Val Loss (MSE): 0.00415375, Best Epoch: 9, Best Val Loss: 0.00415375
INFO:nn_predictors.spils_net:Epoch 10/5000, Train Loss (MSE): 0.00570559, Val Loss (MSE): 0.00347816, Best Epoch: 10, Best Val Loss: 0.00347816
INFO:nn_predictors.spils_net:Epoch 11/5000, Train Loss (MSE): 0.00492667, Val Loss (MSE): 0.00283986, Best Epoch: 11, Best Val Loss: 0.00283986
INFO:nn_predictors.spils_net:Epoch 12/5000, Train Loss (MSE): 0.00457750, Val Loss (MSE): 0.00294405, Best Epoch: 11, Best Val Loss: 0.00283986
INFO:nn_predictors.spils_net:Epoch 13/5000, Train Loss (MSE): 0.00456225, Val Loss (MSE): 0.00541204, Best Epoch: 11, Best Val Loss: 0.00283986
INFO:nn_predictors.spils_net:Epoch 14/5000, Train Loss (MSE): 0.00447129, Val Loss (MSE): 0.00237650, Best Epoch: 14, Best Val Loss: 0.00237650
INFO:nn_predictors.spils_net:Epoch 15/5000, Train Loss (MSE): 0.00401305, Val Loss (MSE): 0.00406769, Best Epoch: 14, Best Val Loss: 0.00237650
INFO:nn_predictors.spils_net:Epoch 16/5000, Train Loss (MSE): 0.00393615, Val Loss (MSE): 0.00249778, Best Epoch: 14, Best Val Loss: 0.00237650
INFO:nn_predictors.spils_net:Epoch 17/5000, Train Loss (MSE): 0.00347177, Val Loss (MSE): 0.00183476, Best Epoch: 17, Best Val Loss: 0.00183476
INFO:nn_predictors.spils_net:Epoch 18/5000, Train Loss (MSE): 0.00386003, Val Loss (MSE): 0.00251464, Best Epoch: 17, Best Val Loss: 0.00183476
INFO:nn_predictors.spils_net:Epoch 19/5000, Train Loss (MSE): 0.00336775, Val Loss (MSE): 0.00146988, Best Epoch: 19, Best Val Loss: 0.00146988
INFO:nn_predictors.spils_net:Epoch 20/5000, Train Loss (MSE): 0.00386378, Val Loss (MSE): 0.00209726, Best Epoch: 19, Best Val Loss: 0.00146988
INFO:nn_predictors.spils_net:Epoch 21/5000, Train Loss (MSE): 0.00304388, Val Loss (MSE): 0.00306467, Best Epoch: 19, Best Val Loss: 0.00146988
INFO:nn_predictors.spils_net:Epoch 22/5000, Train Loss (MSE): 0.00328204, Val Loss (MSE): 0.00137764, Best Epoch: 22, Best Val Loss: 0.00137764
INFO:nn_predictors.spils_net:Epoch 23/5000, Train Loss (MSE): 0.00285540, Val Loss (MSE): 0.00422749, Best Epoch: 22, Best Val Loss: 0.00137764
INFO:nn_predictors.spils_net:Epoch 24/5000, Train Loss (MSE): 0.00287933, Val Loss (MSE): 0.00132128, Best Epoch: 24, Best Val Loss: 0.00132128
INFO:nn_predictors.spils_net:Epoch 25/5000, Train Loss (MSE): 0.00290646, Val Loss (MSE): 0.00171482, Best Epoch: 24, Best Val Loss: 0.00132128
INFO:nn_predictors.spils_net:Epoch 26/5000, Train Loss (MSE): 0.00280699, Val Loss (MSE): 0.00184936, Best Epoch: 24, Best Val Loss: 0.00132128
INFO:nn_predictors.spils_net:Epoch 27/5000, Train Loss (MSE): 0.00242962, Val Loss (MSE): 0.00110082, Best Epoch: 27, Best Val Loss: 0.00110082
INFO:nn_predictors.spils_net:Epoch 28/5000, Train Loss (MSE): 0.00314468, Val Loss (MSE): 0.00398072, Best Epoch: 27, Best Val Loss: 0.00110082
INFO:nn_predictors.spils_net:Epoch 29/5000, Train Loss (MSE): 0.00299116, Val Loss (MSE): 0.00147009, Best Epoch: 27, Best Val Loss: 0.00110082
INFO:nn_predictors.spils_net:Epoch 30/5000, Train Loss (MSE): 0.00223383, Val Loss (MSE): 0.00130114, Best Epoch: 27, Best Val Loss: 0.00110082
INFO:nn_predictors.spils_net:Epoch 31/5000, Train Loss (MSE): 0.00236730, Val Loss (MSE): 0.00181028, Best Epoch: 27, Best Val Loss: 0.00110082
INFO:nn_predictors.spils_net:Epoch 32/5000, Train Loss (MSE): 0.00252495, Val Loss (MSE): 0.00208231, Best Epoch: 27, Best Val Loss: 0.00110082
INFO:nn_predictors.spils_net:Epoch 33/5000, Train Loss (MSE): 0.00324230, Val Loss (MSE): 0.00105562, Best Epoch: 33, Best Val Loss: 0.00105562
INFO:nn_predictors.spils_net:Epoch 34/5000, Train Loss (MSE): 0.00235814, Val Loss (MSE): 0.00161889, Best Epoch: 33, Best Val Loss: 0.00105562
INFO:nn_predictors.spils_net:Epoch 35/5000, Train Loss (MSE): 0.00207938, Val Loss (MSE): 0.00087527, Best Epoch: 35, Best Val Loss: 0.00087527
INFO:nn_predictors.spils_net:Epoch 36/5000, Train Loss (MSE): 0.00216341, Val Loss (MSE): 0.00088023, Best Epoch: 35, Best Val Loss: 0.00087527
INFO:nn_predictors.spils_net:Epoch 37/5000, Train Loss (MSE): 0.00192267, Val Loss (MSE): 0.00267043, Best Epoch: 35, Best Val Loss: 0.00087527
INFO:nn_predictors.spils_net:Epoch 38/5000, Train Loss (MSE): 0.00252716, Val Loss (MSE): 0.00096922, Best Epoch: 35, Best Val Loss: 0.00087527
INFO:nn_predictors.spils_net:Epoch 39/5000, Train Loss (MSE): 0.00199985, Val Loss (MSE): 0.00075111, Best Epoch: 39, Best Val Loss: 0.00075111
INFO:nn_predictors.spils_net:Epoch 40/5000, Train Loss (MSE): 0.00221875, Val Loss (MSE): 0.00077397, Best Epoch: 39, Best Val Loss: 0.00075111
INFO:nn_predictors.spils_net:Epoch 41/5000, Train Loss (MSE): 0.00203298, Val Loss (MSE): 0.00320742, Best Epoch: 39, Best Val Loss: 0.00075111
INFO:nn_predictors.spils_net:Epoch 42/5000, Train Loss (MSE): 0.00262911, Val Loss (MSE): 0.00095221, Best Epoch: 39, Best Val Loss: 0.00075111
INFO:nn_predictors.spils_net:Epoch 43/5000, Train Loss (MSE): 0.00199113, Val Loss (MSE): 0.00128246, Best Epoch: 39, Best Val Loss: 0.00075111
INFO:nn_predictors.spils_net:Epoch 44/5000, Train Loss (MSE): 0.00193168, Val Loss (MSE): 0.00074572, Best Epoch: 44, Best Val Loss: 0.00074572
INFO:nn_predictors.spils_net:Epoch 45/5000, Train Loss (MSE): 0.00177772, Val Loss (MSE): 0.00189288, Best Epoch: 44, Best Val Loss: 0.00074572
INFO:nn_predictors.spils_net:Epoch 46/5000, Train Loss (MSE): 0.00234584, Val Loss (MSE): 0.00120218, Best Epoch: 44, Best Val Loss: 0.00074572
INFO:nn_predictors.spils_net:Epoch 47/5000, Train Loss (MSE): 0.00200787, Val Loss (MSE): 0.00088143, Best Epoch: 44, Best Val Loss: 0.00074572
INFO:nn_predictors.spils_net:Epoch 48/5000, Train Loss (MSE): 0.00194862, Val Loss (MSE): 0.00072922, Best Epoch: 48, Best Val Loss: 0.00072922
INFO:nn_predictors.spils_net:Epoch 49/5000, Train Loss (MSE): 0.00245207, Val Loss (MSE): 0.00138019, Best Epoch: 48, Best Val Loss: 0.00072922
INFO:nn_predictors.spils_net:Epoch 50/5000, Train Loss (MSE): 0.00200420, Val Loss (MSE): 0.00101338, Best Epoch: 48, Best Val Loss: 0.00072922
INFO:nn_predictors.spils_net:Epoch 51/5000, Train Loss (MSE): 0.00194164, Val Loss (MSE): 0.00087896, Best Epoch: 48, Best Val Loss: 0.00072922
INFO:nn_predictors.spils_net:Epoch 52/5000, Train Loss (MSE): 0.00172225, Val Loss (MSE): 0.00055324, Best Epoch: 52, Best Val Loss: 0.00055324
INFO:nn_predictors.spils_net:Epoch 53/5000, Train Loss (MSE): 0.00163249, Val Loss (MSE): 0.00127243, Best Epoch: 52, Best Val Loss: 0.00055324
INFO:nn_predictors.spils_net:Epoch 54/5000, Train Loss (MSE): 0.00182737, Val Loss (MSE): 0.00075171, Best Epoch: 52, Best Val Loss: 0.00055324
INFO:nn_predictors.spils_net:Epoch 55/5000, Train Loss (MSE): 0.00176229, Val Loss (MSE): 0.00155376, Best Epoch: 52, Best Val Loss: 0.00055324
INFO:nn_predictors.spils_net:Epoch 56/5000, Train Loss (MSE): 0.00231206, Val Loss (MSE): 0.00110277, Best Epoch: 52, Best Val Loss: 0.00055324
INFO:nn_predictors.spils_net:Epoch 57/5000, Train Loss (MSE): 0.00197379, Val Loss (MSE): 0.00115085, Best Epoch: 52, Best Val Loss: 0.00055324
INFO:nn_predictors.spils_net:Epoch 58/5000, Train Loss (MSE): 0.00164792, Val Loss (MSE): 0.00067468, Best Epoch: 52, Best Val Loss: 0.00055324
INFO:nn_predictors.spils_net:Epoch 59/5000, Train Loss (MSE): 0.00189248, Val Loss (MSE): 0.00100834, Best Epoch: 52, Best Val Loss: 0.00055324
INFO:nn_predictors.spils_net:Epoch 60/5000, Train Loss (MSE): 0.00169321, Val Loss (MSE): 0.00058409, Best Epoch: 52, Best Val Loss: 0.00055324
INFO:nn_predictors.spils_net:Epoch 61/5000, Train Loss (MSE): 0.00162463, Val Loss (MSE): 0.00114968, Best Epoch: 52, Best Val Loss: 0.00055324
INFO:nn_predictors.spils_net:Epoch 62/5000, Train Loss (MSE): 0.00220687, Val Loss (MSE): 0.00125150, Best Epoch: 52, Best Val Loss: 0.00055324
INFO:nn_predictors.spils_net:Epoch 63/5000, Train Loss (MSE): 0.00180547, Val Loss (MSE): 0.00195520, Best Epoch: 52, Best Val Loss: 0.00055324
INFO:nn_predictors.spils_net:Epoch 64/5000, Train Loss (MSE): 0.00188479, Val Loss (MSE): 0.00063259, Best Epoch: 52, Best Val Loss: 0.00055324
INFO:nn_predictors.spils_net:Epoch 65/5000, Train Loss (MSE): 0.00188182, Val Loss (MSE): 0.00198193, Best Epoch: 52, Best Val Loss: 0.00055324
INFO:nn_predictors.spils_net:Epoch 66/5000, Train Loss (MSE): 0.00177360, Val Loss (MSE): 0.00071921, Best Epoch: 52, Best Val Loss: 0.00055324
INFO:nn_predictors.spils_net:Epoch 67/5000, Train Loss (MSE): 0.00151167, Val Loss (MSE): 0.00053126, Best Epoch: 67, Best Val Loss: 0.00053126
INFO:nn_predictors.spils_net:Epoch 68/5000, Train Loss (MSE): 0.00148370, Val Loss (MSE): 0.00076972, Best Epoch: 67, Best Val Loss: 0.00053126
INFO:nn_predictors.spils_net:Epoch 69/5000, Train Loss (MSE): 0.00156449, Val Loss (MSE): 0.00057625, Best Epoch: 67, Best Val Loss: 0.00053126
INFO:nn_predictors.spils_net:Epoch 70/5000, Train Loss (MSE): 0.00168985, Val Loss (MSE): 0.00083334, Best Epoch: 67, Best Val Loss: 0.00053126
INFO:nn_predictors.spils_net:Epoch 71/5000, Train Loss (MSE): 0.00174329, Val Loss (MSE): 0.00122129, Best Epoch: 67, Best Val Loss: 0.00053126
INFO:nn_predictors.spils_net:Epoch 72/5000, Train Loss (MSE): 0.00151660, Val Loss (MSE): 0.00050293, Best Epoch: 72, Best Val Loss: 0.00050293
INFO:nn_predictors.spils_net:Epoch 73/5000, Train Loss (MSE): 0.00150087, Val Loss (MSE): 0.00058973, Best Epoch: 72, Best Val Loss: 0.00050293
INFO:nn_predictors.spils_net:Epoch 74/5000, Train Loss (MSE): 0.00165630, Val Loss (MSE): 0.00096741, Best Epoch: 72, Best Val Loss: 0.00050293
INFO:nn_predictors.spils_net:Epoch 75/5000, Train Loss (MSE): 0.00172690, Val Loss (MSE): 0.00146568, Best Epoch: 72, Best Val Loss: 0.00050293
INFO:nn_predictors.spils_net:Epoch 76/5000, Train Loss (MSE): 0.00221536, Val Loss (MSE): 0.00055636, Best Epoch: 72, Best Val Loss: 0.00050293
INFO:nn_predictors.spils_net:Epoch 77/5000, Train Loss (MSE): 0.00141783, Val Loss (MSE): 0.00052182, Best Epoch: 72, Best Val Loss: 0.00050293
INFO:nn_predictors.spils_net:Epoch 78/5000, Train Loss (MSE): 0.00218446, Val Loss (MSE): 0.00199466, Best Epoch: 72, Best Val Loss: 0.00050293
INFO:nn_predictors.spils_net:Epoch 79/5000, Train Loss (MSE): 0.00173735, Val Loss (MSE): 0.00056838, Best Epoch: 72, Best Val Loss: 0.00050293
INFO:nn_predictors.spils_net:Epoch 80/5000, Train Loss (MSE): 0.00142527, Val Loss (MSE): 0.00053562, Best Epoch: 72, Best Val Loss: 0.00050293
INFO:nn_predictors.spils_net:Epoch 81/5000, Train Loss (MSE): 0.00229859, Val Loss (MSE): 0.00093049, Best Epoch: 72, Best Val Loss: 0.00050293
INFO:nn_predictors.spils_net:Epoch 82/5000, Train Loss (MSE): 0.00179269, Val Loss (MSE): 0.00069140, Best Epoch: 72, Best Val Loss: 0.00050293
INFO:nn_predictors.spils_net:Epoch 83/5000, Train Loss (MSE): 0.00146265, Val Loss (MSE): 0.00056812, Best Epoch: 72, Best Val Loss: 0.00050293
INFO:nn_predictors.spils_net:Epoch 84/5000, Train Loss (MSE): 0.00141897, Val Loss (MSE): 0.00042011, Best Epoch: 84, Best Val Loss: 0.00042011
INFO:nn_predictors.spils_net:Epoch 85/5000, Train Loss (MSE): 0.00139358, Val Loss (MSE): 0.00052713, Best Epoch: 84, Best Val Loss: 0.00042011
INFO:nn_predictors.spils_net:Epoch 86/5000, Train Loss (MSE): 0.00143500, Val Loss (MSE): 0.00057743, Best Epoch: 84, Best Val Loss: 0.00042011
INFO:nn_predictors.spils_net:Epoch 87/5000, Train Loss (MSE): 0.00143184, Val Loss (MSE): 0.00067045, Best Epoch: 84, Best Val Loss: 0.00042011
INFO:nn_predictors.spils_net:Epoch 88/5000, Train Loss (MSE): 0.00161461, Val Loss (MSE): 0.00144698, Best Epoch: 84, Best Val Loss: 0.00042011
INFO:nn_predictors.spils_net:Epoch 89/5000, Train Loss (MSE): 0.00210548, Val Loss (MSE): 0.00054337, Best Epoch: 84, Best Val Loss: 0.00042011
INFO:nn_predictors.spils_net:Epoch 90/5000, Train Loss (MSE): 0.00131672, Val Loss (MSE): 0.00042183, Best Epoch: 84, Best Val Loss: 0.00042011
INFO:nn_predictors.spils_net:Epoch 91/5000, Train Loss (MSE): 0.00153190, Val Loss (MSE): 0.00072072, Best Epoch: 84, Best Val Loss: 0.00042011
INFO:nn_predictors.spils_net:Epoch 92/5000, Train Loss (MSE): 0.00171244, Val Loss (MSE): 0.00046955, Best Epoch: 84, Best Val Loss: 0.00042011
INFO:nn_predictors.spils_net:Epoch 93/5000, Train Loss (MSE): 0.00137519, Val Loss (MSE): 0.00042383, Best Epoch: 84, Best Val Loss: 0.00042011
INFO:nn_predictors.spils_net:Epoch 94/5000, Train Loss (MSE): 0.00193942, Val Loss (MSE): 0.00106887, Best Epoch: 84, Best Val Loss: 0.00042011
INFO:nn_predictors.spils_net:Epoch 95/5000, Train Loss (MSE): 0.00141192, Val Loss (MSE): 0.00043030, Best Epoch: 84, Best Val Loss: 0.00042011
INFO:nn_predictors.spils_net:Epoch 96/5000, Train Loss (MSE): 0.00129353, Val Loss (MSE): 0.00049252, Best Epoch: 84, Best Val Loss: 0.00042011
INFO:nn_predictors.spils_net:Epoch 97/5000, Train Loss (MSE): 0.00130902, Val Loss (MSE): 0.00106490, Best Epoch: 84, Best Val Loss: 0.00042011
INFO:nn_predictors.spils_net:Epoch 98/5000, Train Loss (MSE): 0.00152301, Val Loss (MSE): 0.00054747, Best Epoch: 84, Best Val Loss: 0.00042011
INFO:nn_predictors.spils_net:Epoch 99/5000, Train Loss (MSE): 0.00139089, Val Loss (MSE): 0.00049366, Best Epoch: 84, Best Val Loss: 0.00042011
INFO:nn_predictors.spils_net:Epoch 100/5000, Train Loss (MSE): 0.00158831, Val Loss (MSE): 0.00099304, Best Epoch: 84, Best Val Loss: 0.00042011
INFO:nn_predictors.spils_net:Epoch 101/5000, Train Loss (MSE): 0.00143993, Val Loss (MSE): 0.00046079, Best Epoch: 84, Best Val Loss: 0.00042011
INFO:nn_predictors.spils_net:Epoch 102/5000, Train Loss (MSE): 0.00222571, Val Loss (MSE): 0.00157730, Best Epoch: 84, Best Val Loss: 0.00042011
INFO:nn_predictors.spils_net:Epoch 103/5000, Train Loss (MSE): 0.00184596, Val Loss (MSE): 0.00099759, Best Epoch: 84, Best Val Loss: 0.00042011
INFO:nn_predictors.spils_net:Epoch 104/5000, Train Loss (MSE): 0.00154351, Val Loss (MSE): 0.00045171, Best Epoch: 84, Best Val Loss: 0.00042011
INFO:nn_predictors.spils_net:Epoch 105/5000, Train Loss (MSE): 0.00135297, Val Loss (MSE): 0.00062510, Best Epoch: 84, Best Val Loss: 0.00042011
INFO:nn_predictors.spils_net:Epoch 106/5000, Train Loss (MSE): 0.00114241, Val Loss (MSE): 0.00029878, Best Epoch: 106, Best Val Loss: 0.00029878
INFO:nn_predictors.spils_net:Epoch 107/5000, Train Loss (MSE): 0.00108988, Val Loss (MSE): 0.00026345, Best Epoch: 107, Best Val Loss: 0.00026345
INFO:nn_predictors.spils_net:Epoch 108/5000, Train Loss (MSE): 0.00107241, Val Loss (MSE): 0.00026106, Best Epoch: 108, Best Val Loss: 0.00026106
INFO:nn_predictors.spils_net:Epoch 109/5000, Train Loss (MSE): 0.00108698, Val Loss (MSE): 0.00032647, Best Epoch: 108, Best Val Loss: 0.00026106
INFO:nn_predictors.spils_net:Epoch 110/5000, Train Loss (MSE): 0.00108619, Val Loss (MSE): 0.00026738, Best Epoch: 108, Best Val Loss: 0.00026106
INFO:nn_predictors.spils_net:Epoch 111/5000, Train Loss (MSE): 0.00108129, Val Loss (MSE): 0.00033399, Best Epoch: 108, Best Val Loss: 0.00026106
INFO:nn_predictors.spils_net:Epoch 112/5000, Train Loss (MSE): 0.00108020, Val Loss (MSE): 0.00033515, Best Epoch: 108, Best Val Loss: 0.00026106
INFO:nn_predictors.spils_net:Epoch 113/5000, Train Loss (MSE): 0.00109919, Val Loss (MSE): 0.00029991, Best Epoch: 108, Best Val Loss: 0.00026106
INFO:nn_predictors.spils_net:Epoch 114/5000, Train Loss (MSE): 0.00107733, Val Loss (MSE): 0.00030766, Best Epoch: 108, Best Val Loss: 0.00026106
INFO:nn_predictors.spils_net:Epoch 115/5000, Train Loss (MSE): 0.00107772, Val Loss (MSE): 0.00024507, Best Epoch: 115, Best Val Loss: 0.00024507
INFO:nn_predictors.spils_net:Epoch 116/5000, Train Loss (MSE): 0.00109142, Val Loss (MSE): 0.00030630, Best Epoch: 115, Best Val Loss: 0.00024507
INFO:nn_predictors.spils_net:Epoch 117/5000, Train Loss (MSE): 0.00111213, Val Loss (MSE): 0.00043212, Best Epoch: 115, Best Val Loss: 0.00024507
INFO:nn_predictors.spils_net:Epoch 118/5000, Train Loss (MSE): 0.00113316, Val Loss (MSE): 0.00028308, Best Epoch: 115, Best Val Loss: 0.00024507
INFO:nn_predictors.spils_net:Epoch 119/5000, Train Loss (MSE): 0.00111644, Val Loss (MSE): 0.00034368, Best Epoch: 115, Best Val Loss: 0.00024507
INFO:nn_predictors.spils_net:Epoch 120/5000, Train Loss (MSE): 0.00108399, Val Loss (MSE): 0.00036072, Best Epoch: 115, Best Val Loss: 0.00024507
INFO:nn_predictors.spils_net:Epoch 121/5000, Train Loss (MSE): 0.00106859, Val Loss (MSE): 0.00028971, Best Epoch: 115, Best Val Loss: 0.00024507
INFO:nn_predictors.spils_net:Epoch 122/5000, Train Loss (MSE): 0.00106523, Val Loss (MSE): 0.00031117, Best Epoch: 115, Best Val Loss: 0.00024507
INFO:nn_predictors.spils_net:Epoch 123/5000, Train Loss (MSE): 0.00107528, Val Loss (MSE): 0.00031545, Best Epoch: 115, Best Val Loss: 0.00024507
INFO:nn_predictors.spils_net:Epoch 124/5000, Train Loss (MSE): 0.00110770, Val Loss (MSE): 0.00041918, Best Epoch: 115, Best Val Loss: 0.00024507
INFO:nn_predictors.spils_net:Epoch 125/5000, Train Loss (MSE): 0.00113378, Val Loss (MSE): 0.00049785, Best Epoch: 115, Best Val Loss: 0.00024507
INFO:nn_predictors.spils_net:Epoch 126/5000, Train Loss (MSE): 0.00118738, Val Loss (MSE): 0.00032163, Best Epoch: 115, Best Val Loss: 0.00024507
INFO:nn_predictors.spils_net:Epoch 127/5000, Train Loss (MSE): 0.00112445, Val Loss (MSE): 0.00033541, Best Epoch: 115, Best Val Loss: 0.00024507
INFO:nn_predictors.spils_net:Epoch 128/5000, Train Loss (MSE): 0.00107987, Val Loss (MSE): 0.00036253, Best Epoch: 115, Best Val Loss: 0.00024507
INFO:nn_predictors.spils_net:Epoch 129/5000, Train Loss (MSE): 0.00121523, Val Loss (MSE): 0.00048925, Best Epoch: 115, Best Val Loss: 0.00024507
INFO:nn_predictors.spils_net:Epoch 130/5000, Train Loss (MSE): 0.00112832, Val Loss (MSE): 0.00031128, Best Epoch: 115, Best Val Loss: 0.00024507
INFO:nn_predictors.spils_net:Epoch 131/5000, Train Loss (MSE): 0.00110256, Val Loss (MSE): 0.00028470, Best Epoch: 115, Best Val Loss: 0.00024507
INFO:nn_predictors.spils_net:Epoch 132/5000, Train Loss (MSE): 0.00109990, Val Loss (MSE): 0.00038424, Best Epoch: 115, Best Val Loss: 0.00024507
INFO:nn_predictors.spils_net:Epoch 133/5000, Train Loss (MSE): 0.00111930, Val Loss (MSE): 0.00029989, Best Epoch: 115, Best Val Loss: 0.00024507
INFO:nn_predictors.spils_net:Epoch 134/5000, Train Loss (MSE): 0.00111716, Val Loss (MSE): 0.00037790, Best Epoch: 115, Best Val Loss: 0.00024507
INFO:nn_predictors.spils_net:Epoch 135/5000, Train Loss (MSE): 0.00118759, Val Loss (MSE): 0.00039193, Best Epoch: 115, Best Val Loss: 0.00024507
INFO:nn_predictors.spils_net:Epoch 136/5000, Train Loss (MSE): 0.00107778, Val Loss (MSE): 0.00029748, Best Epoch: 115, Best Val Loss: 0.00024507
INFO:nn_predictors.spils_net:Epoch 137/5000, Train Loss (MSE): 0.00099873, Val Loss (MSE): 0.00022530, Best Epoch: 137, Best Val Loss: 0.00022530
INFO:nn_predictors.spils_net:Epoch 138/5000, Train Loss (MSE): 0.00098144, Val Loss (MSE): 0.00023753, Best Epoch: 137, Best Val Loss: 0.00022530
INFO:nn_predictors.spils_net:Epoch 139/5000, Train Loss (MSE): 0.00098209, Val Loss (MSE): 0.00021052, Best Epoch: 139, Best Val Loss: 0.00021052
INFO:nn_predictors.spils_net:Epoch 140/5000, Train Loss (MSE): 0.00098146, Val Loss (MSE): 0.00020958, Best Epoch: 140, Best Val Loss: 0.00020958
INFO:nn_predictors.spils_net:Epoch 141/5000, Train Loss (MSE): 0.00099056, Val Loss (MSE): 0.00022976, Best Epoch: 140, Best Val Loss: 0.00020958
INFO:nn_predictors.spils_net:Epoch 142/5000, Train Loss (MSE): 0.00097185, Val Loss (MSE): 0.00024962, Best Epoch: 140, Best Val Loss: 0.00020958
INFO:nn_predictors.spils_net:Epoch 143/5000, Train Loss (MSE): 0.00098435, Val Loss (MSE): 0.00023777, Best Epoch: 140, Best Val Loss: 0.00020958
INFO:nn_predictors.spils_net:Epoch 144/5000, Train Loss (MSE): 0.00097338, Val Loss (MSE): 0.00021636, Best Epoch: 140, Best Val Loss: 0.00020958
INFO:nn_predictors.spils_net:Epoch 145/5000, Train Loss (MSE): 0.00099294, Val Loss (MSE): 0.00022226, Best Epoch: 140, Best Val Loss: 0.00020958
INFO:nn_predictors.spils_net:Epoch 146/5000, Train Loss (MSE): 0.00097147, Val Loss (MSE): 0.00025396, Best Epoch: 140, Best Val Loss: 0.00020958
INFO:nn_predictors.spils_net:Epoch 147/5000, Train Loss (MSE): 0.00098059, Val Loss (MSE): 0.00023497, Best Epoch: 140, Best Val Loss: 0.00020958
INFO:nn_predictors.spils_net:Epoch 148/5000, Train Loss (MSE): 0.00096267, Val Loss (MSE): 0.00026063, Best Epoch: 140, Best Val Loss: 0.00020958
INFO:nn_predictors.spils_net:Epoch 149/5000, Train Loss (MSE): 0.00097592, Val Loss (MSE): 0.00022618, Best Epoch: 140, Best Val Loss: 0.00020958
INFO:nn_predictors.spils_net:Epoch 150/5000, Train Loss (MSE): 0.00097049, Val Loss (MSE): 0.00020636, Best Epoch: 150, Best Val Loss: 0.00020636
INFO:nn_predictors.spils_net:Epoch 151/5000, Train Loss (MSE): 0.00097035, Val Loss (MSE): 0.00026313, Best Epoch: 150, Best Val Loss: 0.00020636
INFO:nn_predictors.spils_net:Epoch 152/5000, Train Loss (MSE): 0.00097287, Val Loss (MSE): 0.00021815, Best Epoch: 150, Best Val Loss: 0.00020636
INFO:nn_predictors.spils_net:Epoch 153/5000, Train Loss (MSE): 0.00098997, Val Loss (MSE): 0.00024365, Best Epoch: 150, Best Val Loss: 0.00020636
INFO:nn_predictors.spils_net:Epoch 154/5000, Train Loss (MSE): 0.00096933, Val Loss (MSE): 0.00022966, Best Epoch: 150, Best Val Loss: 0.00020636
INFO:nn_predictors.spils_net:Epoch 155/5000, Train Loss (MSE): 0.00096126, Val Loss (MSE): 0.00021587, Best Epoch: 150, Best Val Loss: 0.00020636
INFO:nn_predictors.spils_net:Epoch 156/5000, Train Loss (MSE): 0.00097466, Val Loss (MSE): 0.00023608, Best Epoch: 150, Best Val Loss: 0.00020636
INFO:nn_predictors.spils_net:Epoch 157/5000, Train Loss (MSE): 0.00096381, Val Loss (MSE): 0.00023011, Best Epoch: 150, Best Val Loss: 0.00020636
INFO:nn_predictors.spils_net:Epoch 158/5000, Train Loss (MSE): 0.00096831, Val Loss (MSE): 0.00025407, Best Epoch: 150, Best Val Loss: 0.00020636
INFO:nn_predictors.spils_net:Epoch 159/5000, Train Loss (MSE): 0.00095951, Val Loss (MSE): 0.00024405, Best Epoch: 150, Best Val Loss: 0.00020636
INFO:nn_predictors.spils_net:Epoch 160/5000, Train Loss (MSE): 0.00100416, Val Loss (MSE): 0.00021263, Best Epoch: 150, Best Val Loss: 0.00020636
INFO:nn_predictors.spils_net:Epoch 161/5000, Train Loss (MSE): 0.00095646, Val Loss (MSE): 0.00025874, Best Epoch: 150, Best Val Loss: 0.00020636
INFO:nn_predictors.spils_net:Epoch 162/5000, Train Loss (MSE): 0.00097274, Val Loss (MSE): 0.00023424, Best Epoch: 150, Best Val Loss: 0.00020636
INFO:nn_predictors.spils_net:Epoch 163/5000, Train Loss (MSE): 0.00097870, Val Loss (MSE): 0.00022341, Best Epoch: 150, Best Val Loss: 0.00020636
INFO:nn_predictors.spils_net:Epoch 164/5000, Train Loss (MSE): 0.00096620, Val Loss (MSE): 0.00032633, Best Epoch: 150, Best Val Loss: 0.00020636
INFO:nn_predictors.spils_net:Epoch 165/5000, Train Loss (MSE): 0.00097316, Val Loss (MSE): 0.00032184, Best Epoch: 150, Best Val Loss: 0.00020636
INFO:nn_predictors.spils_net:Epoch 166/5000, Train Loss (MSE): 0.00095832, Val Loss (MSE): 0.00034639, Best Epoch: 150, Best Val Loss: 0.00020636
INFO:nn_predictors.spils_net:Epoch 167/5000, Train Loss (MSE): 0.00098696, Val Loss (MSE): 0.00027798, Best Epoch: 150, Best Val Loss: 0.00020636
INFO:nn_predictors.spils_net:Epoch 168/5000, Train Loss (MSE): 0.00094735, Val Loss (MSE): 0.00023513, Best Epoch: 150, Best Val Loss: 0.00020636
INFO:nn_predictors.spils_net:Epoch 169/5000, Train Loss (MSE): 0.00095877, Val Loss (MSE): 0.00026614, Best Epoch: 150, Best Val Loss: 0.00020636
INFO:nn_predictors.spils_net:Epoch 170/5000, Train Loss (MSE): 0.00098552, Val Loss (MSE): 0.00027696, Best Epoch: 150, Best Val Loss: 0.00020636
INFO:nn_predictors.spils_net:Epoch 171/5000, Train Loss (MSE): 0.00100479, Val Loss (MSE): 0.00025947, Best Epoch: 150, Best Val Loss: 0.00020636
INFO:nn_predictors.spils_net:Epoch 172/5000, Train Loss (MSE): 0.00091286, Val Loss (MSE): 0.00018008, Best Epoch: 172, Best Val Loss: 0.00018008
INFO:nn_predictors.spils_net:Epoch 173/5000, Train Loss (MSE): 0.00089586, Val Loss (MSE): 0.00017725, Best Epoch: 173, Best Val Loss: 0.00017725
INFO:nn_predictors.spils_net:Epoch 174/5000, Train Loss (MSE): 0.00089795, Val Loss (MSE): 0.00017320, Best Epoch: 174, Best Val Loss: 0.00017320
INFO:nn_predictors.spils_net:Epoch 175/5000, Train Loss (MSE): 0.00089616, Val Loss (MSE): 0.00018368, Best Epoch: 174, Best Val Loss: 0.00017320
INFO:nn_predictors.spils_net:Epoch 176/5000, Train Loss (MSE): 0.00090397, Val Loss (MSE): 0.00022915, Best Epoch: 174, Best Val Loss: 0.00017320
INFO:nn_predictors.spils_net:Epoch 177/5000, Train Loss (MSE): 0.00090538, Val Loss (MSE): 0.00023670, Best Epoch: 174, Best Val Loss: 0.00017320
INFO:nn_predictors.spils_net:Epoch 178/5000, Train Loss (MSE): 0.00089727, Val Loss (MSE): 0.00019541, Best Epoch: 174, Best Val Loss: 0.00017320
INFO:nn_predictors.spils_net:Epoch 179/5000, Train Loss (MSE): 0.00090207, Val Loss (MSE): 0.00018070, Best Epoch: 174, Best Val Loss: 0.00017320
INFO:nn_predictors.spils_net:Epoch 180/5000, Train Loss (MSE): 0.00089591, Val Loss (MSE): 0.00016916, Best Epoch: 180, Best Val Loss: 0.00016916
INFO:nn_predictors.spils_net:Epoch 181/5000, Train Loss (MSE): 0.00089241, Val Loss (MSE): 0.00018304, Best Epoch: 180, Best Val Loss: 0.00016916
INFO:nn_predictors.spils_net:Epoch 182/5000, Train Loss (MSE): 0.00089928, Val Loss (MSE): 0.00019032, Best Epoch: 180, Best Val Loss: 0.00016916
INFO:nn_predictors.spils_net:Epoch 183/5000, Train Loss (MSE): 0.00090692, Val Loss (MSE): 0.00019452, Best Epoch: 180, Best Val Loss: 0.00016916
INFO:nn_predictors.spils_net:Epoch 184/5000, Train Loss (MSE): 0.00089270, Val Loss (MSE): 0.00018419, Best Epoch: 180, Best Val Loss: 0.00016916
INFO:nn_predictors.spils_net:Epoch 185/5000, Train Loss (MSE): 0.00088755, Val Loss (MSE): 0.00018385, Best Epoch: 180, Best Val Loss: 0.00016916
INFO:nn_predictors.spils_net:Epoch 186/5000, Train Loss (MSE): 0.00088572, Val Loss (MSE): 0.00019577, Best Epoch: 180, Best Val Loss: 0.00016916
INFO:nn_predictors.spils_net:Epoch 187/5000, Train Loss (MSE): 0.00089111, Val Loss (MSE): 0.00017424, Best Epoch: 180, Best Val Loss: 0.00016916
INFO:nn_predictors.spils_net:Epoch 188/5000, Train Loss (MSE): 0.00088750, Val Loss (MSE): 0.00020341, Best Epoch: 180, Best Val Loss: 0.00016916
INFO:nn_predictors.spils_net:Epoch 189/5000, Train Loss (MSE): 0.00089660, Val Loss (MSE): 0.00018910, Best Epoch: 180, Best Val Loss: 0.00016916
INFO:nn_predictors.spils_net:Epoch 190/5000, Train Loss (MSE): 0.00088373, Val Loss (MSE): 0.00018383, Best Epoch: 180, Best Val Loss: 0.00016916
INFO:nn_predictors.spils_net:Epoch 191/5000, Train Loss (MSE): 0.00088294, Val Loss (MSE): 0.00018023, Best Epoch: 180, Best Val Loss: 0.00016916
INFO:nn_predictors.spils_net:Epoch 192/5000, Train Loss (MSE): 0.00089117, Val Loss (MSE): 0.00021112, Best Epoch: 180, Best Val Loss: 0.00016916
INFO:nn_predictors.spils_net:Epoch 193/5000, Train Loss (MSE): 0.00090431, Val Loss (MSE): 0.00018144, Best Epoch: 180, Best Val Loss: 0.00016916
INFO:nn_predictors.spils_net:Epoch 194/5000, Train Loss (MSE): 0.00089461, Val Loss (MSE): 0.00017461, Best Epoch: 180, Best Val Loss: 0.00016916
INFO:nn_predictors.spils_net:Epoch 195/5000, Train Loss (MSE): 0.00088825, Val Loss (MSE): 0.00019888, Best Epoch: 180, Best Val Loss: 0.00016916
INFO:nn_predictors.spils_net:Epoch 196/5000, Train Loss (MSE): 0.00088998, Val Loss (MSE): 0.00020046, Best Epoch: 180, Best Val Loss: 0.00016916
INFO:nn_predictors.spils_net:Epoch 197/5000, Train Loss (MSE): 0.00088900, Val Loss (MSE): 0.00017920, Best Epoch: 180, Best Val Loss: 0.00016916
INFO:nn_predictors.spils_net:Epoch 198/5000, Train Loss (MSE): 0.00087909, Val Loss (MSE): 0.00019852, Best Epoch: 180, Best Val Loss: 0.00016916
INFO:nn_predictors.spils_net:Epoch 199/5000, Train Loss (MSE): 0.00088735, Val Loss (MSE): 0.00021092, Best Epoch: 180, Best Val Loss: 0.00016916
INFO:nn_predictors.spils_net:Epoch 200/5000, Train Loss (MSE): 0.00088770, Val Loss (MSE): 0.00019632, Best Epoch: 180, Best Val Loss: 0.00016916
INFO:nn_predictors.spils_net:Epoch 201/5000, Train Loss (MSE): 0.00088638, Val Loss (MSE): 0.00022945, Best Epoch: 180, Best Val Loss: 0.00016916
INFO:nn_predictors.spils_net:Epoch 202/5000, Train Loss (MSE): 0.00085402, Val Loss (MSE): 0.00016129, Best Epoch: 202, Best Val Loss: 0.00016129
INFO:nn_predictors.spils_net:Epoch 203/5000, Train Loss (MSE): 0.00084639, Val Loss (MSE): 0.00017528, Best Epoch: 202, Best Val Loss: 0.00016129
INFO:nn_predictors.spils_net:Epoch 204/5000, Train Loss (MSE): 0.00084861, Val Loss (MSE): 0.00014558, Best Epoch: 204, Best Val Loss: 0.00014558
INFO:nn_predictors.spils_net:Epoch 205/5000, Train Loss (MSE): 0.00084606, Val Loss (MSE): 0.00016306, Best Epoch: 204, Best Val Loss: 0.00014558
INFO:nn_predictors.spils_net:Epoch 206/5000, Train Loss (MSE): 0.00084263, Val Loss (MSE): 0.00015907, Best Epoch: 204, Best Val Loss: 0.00014558
INFO:nn_predictors.spils_net:Epoch 207/5000, Train Loss (MSE): 0.00084587, Val Loss (MSE): 0.00015499, Best Epoch: 204, Best Val Loss: 0.00014558
INFO:nn_predictors.spils_net:Epoch 208/5000, Train Loss (MSE): 0.00085002, Val Loss (MSE): 0.00016705, Best Epoch: 204, Best Val Loss: 0.00014558
INFO:nn_predictors.spils_net:Epoch 209/5000, Train Loss (MSE): 0.00085250, Val Loss (MSE): 0.00016883, Best Epoch: 204, Best Val Loss: 0.00014558
INFO:nn_predictors.spils_net:Epoch 210/5000, Train Loss (MSE): 0.00084936, Val Loss (MSE): 0.00015805, Best Epoch: 204, Best Val Loss: 0.00014558
INFO:nn_predictors.spils_net:Epoch 211/5000, Train Loss (MSE): 0.00084263, Val Loss (MSE): 0.00015708, Best Epoch: 204, Best Val Loss: 0.00014558
INFO:nn_predictors.spils_net:Epoch 212/5000, Train Loss (MSE): 0.00085382, Val Loss (MSE): 0.00017087, Best Epoch: 204, Best Val Loss: 0.00014558
INFO:nn_predictors.spils_net:Epoch 213/5000, Train Loss (MSE): 0.00084622, Val Loss (MSE): 0.00020434, Best Epoch: 204, Best Val Loss: 0.00014558
INFO:nn_predictors.spils_net:Epoch 214/5000, Train Loss (MSE): 0.00084932, Val Loss (MSE): 0.00016008, Best Epoch: 204, Best Val Loss: 0.00014558
INFO:nn_predictors.spils_net:Epoch 215/5000, Train Loss (MSE): 0.00084259, Val Loss (MSE): 0.00016447, Best Epoch: 204, Best Val Loss: 0.00014558
INFO:nn_predictors.spils_net:Epoch 216/5000, Train Loss (MSE): 0.00084142, Val Loss (MSE): 0.00016790, Best Epoch: 204, Best Val Loss: 0.00014558
INFO:nn_predictors.spils_net:Epoch 217/5000, Train Loss (MSE): 0.00083589, Val Loss (MSE): 0.00017636, Best Epoch: 204, Best Val Loss: 0.00014558
INFO:nn_predictors.spils_net:Epoch 218/5000, Train Loss (MSE): 0.00083761, Val Loss (MSE): 0.00016340, Best Epoch: 204, Best Val Loss: 0.00014558
INFO:nn_predictors.spils_net:Epoch 219/5000, Train Loss (MSE): 0.00084179, Val Loss (MSE): 0.00017675, Best Epoch: 204, Best Val Loss: 0.00014558
INFO:nn_predictors.spils_net:Epoch 220/5000, Train Loss (MSE): 0.00084420, Val Loss (MSE): 0.00016912, Best Epoch: 204, Best Val Loss: 0.00014558
INFO:nn_predictors.spils_net:Epoch 221/5000, Train Loss (MSE): 0.00084378, Val Loss (MSE): 0.00015219, Best Epoch: 204, Best Val Loss: 0.00014558
INFO:nn_predictors.spils_net:Epoch 222/5000, Train Loss (MSE): 0.00084237, Val Loss (MSE): 0.00017168, Best Epoch: 204, Best Val Loss: 0.00014558
INFO:nn_predictors.spils_net:Epoch 223/5000, Train Loss (MSE): 0.00083754, Val Loss (MSE): 0.00016291, Best Epoch: 204, Best Val Loss: 0.00014558
INFO:nn_predictors.spils_net:Epoch 224/5000, Train Loss (MSE): 0.00083948, Val Loss (MSE): 0.00015280, Best Epoch: 204, Best Val Loss: 0.00014558
INFO:nn_predictors.spils_net:Epoch 225/5000, Train Loss (MSE): 0.00083683, Val Loss (MSE): 0.00015520, Best Epoch: 204, Best Val Loss: 0.00014558
INFO:nn_predictors.spils_net:Epoch 226/5000, Train Loss (MSE): 0.00082327, Val Loss (MSE): 0.00015559, Best Epoch: 204, Best Val Loss: 0.00014558
INFO:nn_predictors.spils_net:Epoch 227/5000, Train Loss (MSE): 0.00082225, Val Loss (MSE): 0.00014552, Best Epoch: 227, Best Val Loss: 0.00014552
INFO:nn_predictors.spils_net:Epoch 228/5000, Train Loss (MSE): 0.00082609, Val Loss (MSE): 0.00014699, Best Epoch: 227, Best Val Loss: 0.00014552
INFO:nn_predictors.spils_net:Epoch 229/5000, Train Loss (MSE): 0.00082482, Val Loss (MSE): 0.00014490, Best Epoch: 229, Best Val Loss: 0.00014490
INFO:nn_predictors.spils_net:Epoch 230/5000, Train Loss (MSE): 0.00082411, Val Loss (MSE): 0.00014374, Best Epoch: 230, Best Val Loss: 0.00014374
INFO:nn_predictors.spils_net:Epoch 231/5000, Train Loss (MSE): 0.00081868, Val Loss (MSE): 0.00014463, Best Epoch: 230, Best Val Loss: 0.00014374
INFO:nn_predictors.spils_net:Epoch 232/5000, Train Loss (MSE): 0.00081931, Val Loss (MSE): 0.00015242, Best Epoch: 230, Best Val Loss: 0.00014374
INFO:nn_predictors.spils_net:Epoch 233/5000, Train Loss (MSE): 0.00082300, Val Loss (MSE): 0.00014681, Best Epoch: 230, Best Val Loss: 0.00014374
INFO:nn_predictors.spils_net:Epoch 234/5000, Train Loss (MSE): 0.00081701, Val Loss (MSE): 0.00014282, Best Epoch: 234, Best Val Loss: 0.00014282
INFO:nn_predictors.spils_net:Epoch 235/5000, Train Loss (MSE): 0.00082342, Val Loss (MSE): 0.00014920, Best Epoch: 234, Best Val Loss: 0.00014282
INFO:nn_predictors.spils_net:Epoch 236/5000, Train Loss (MSE): 0.00082044, Val Loss (MSE): 0.00015574, Best Epoch: 234, Best Val Loss: 0.00014282
INFO:nn_predictors.spils_net:Epoch 237/5000, Train Loss (MSE): 0.00082012, Val Loss (MSE): 0.00013925, Best Epoch: 237, Best Val Loss: 0.00013925
INFO:nn_predictors.spils_net:Epoch 238/5000, Train Loss (MSE): 0.00081929, Val Loss (MSE): 0.00014437, Best Epoch: 237, Best Val Loss: 0.00013925
INFO:nn_predictors.spils_net:Epoch 239/5000, Train Loss (MSE): 0.00081536, Val Loss (MSE): 0.00015631, Best Epoch: 237, Best Val Loss: 0.00013925
INFO:nn_predictors.spils_net:Epoch 240/5000, Train Loss (MSE): 0.00082103, Val Loss (MSE): 0.00013904, Best Epoch: 240, Best Val Loss: 0.00013904
INFO:nn_predictors.spils_net:Epoch 241/5000, Train Loss (MSE): 0.00081161, Val Loss (MSE): 0.00014531, Best Epoch: 240, Best Val Loss: 0.00013904
INFO:nn_predictors.spils_net:Epoch 242/5000, Train Loss (MSE): 0.00081861, Val Loss (MSE): 0.00015096, Best Epoch: 240, Best Val Loss: 0.00013904
INFO:nn_predictors.spils_net:Epoch 243/5000, Train Loss (MSE): 0.00081830, Val Loss (MSE): 0.00015151, Best Epoch: 240, Best Val Loss: 0.00013904
INFO:nn_predictors.spils_net:Epoch 244/5000, Train Loss (MSE): 0.00081448, Val Loss (MSE): 0.00014796, Best Epoch: 240, Best Val Loss: 0.00013904
INFO:nn_predictors.spils_net:Epoch 245/5000, Train Loss (MSE): 0.00081765, Val Loss (MSE): 0.00014922, Best Epoch: 240, Best Val Loss: 0.00013904
INFO:nn_predictors.spils_net:Epoch 246/5000, Train Loss (MSE): 0.00081804, Val Loss (MSE): 0.00013969, Best Epoch: 240, Best Val Loss: 0.00013904
INFO:nn_predictors.spils_net:Epoch 247/5000, Train Loss (MSE): 0.00081395, Val Loss (MSE): 0.00015212, Best Epoch: 240, Best Val Loss: 0.00013904
INFO:nn_predictors.spils_net:Epoch 248/5000, Train Loss (MSE): 0.00080916, Val Loss (MSE): 0.00014424, Best Epoch: 240, Best Val Loss: 0.00013904
INFO:nn_predictors.spils_net:Epoch 249/5000, Train Loss (MSE): 0.00081246, Val Loss (MSE): 0.00014751, Best Epoch: 240, Best Val Loss: 0.00013904
INFO:nn_predictors.spils_net:Epoch 250/5000, Train Loss (MSE): 0.00081166, Val Loss (MSE): 0.00015099, Best Epoch: 240, Best Val Loss: 0.00013904
INFO:nn_predictors.spils_net:Epoch 251/5000, Train Loss (MSE): 0.00081333, Val Loss (MSE): 0.00014440, Best Epoch: 240, Best Val Loss: 0.00013904
INFO:nn_predictors.spils_net:Epoch 252/5000, Train Loss (MSE): 0.00081796, Val Loss (MSE): 0.00017699, Best Epoch: 240, Best Val Loss: 0.00013904
INFO:nn_predictors.spils_net:Epoch 253/5000, Train Loss (MSE): 0.00081700, Val Loss (MSE): 0.00016383, Best Epoch: 240, Best Val Loss: 0.00013904
INFO:nn_predictors.spils_net:Epoch 254/5000, Train Loss (MSE): 0.00080875, Val Loss (MSE): 0.00014784, Best Epoch: 240, Best Val Loss: 0.00013904
INFO:nn_predictors.spils_net:Epoch 255/5000, Train Loss (MSE): 0.00081232, Val Loss (MSE): 0.00014639, Best Epoch: 240, Best Val Loss: 0.00013904
INFO:nn_predictors.spils_net:Epoch 256/5000, Train Loss (MSE): 0.00081174, Val Loss (MSE): 0.00015353, Best Epoch: 240, Best Val Loss: 0.00013904
INFO:nn_predictors.spils_net:Epoch 257/5000, Train Loss (MSE): 0.00081211, Val Loss (MSE): 0.00014411, Best Epoch: 240, Best Val Loss: 0.00013904
INFO:nn_predictors.spils_net:Epoch 258/5000, Train Loss (MSE): 0.00080797, Val Loss (MSE): 0.00014753, Best Epoch: 240, Best Val Loss: 0.00013904
INFO:nn_predictors.spils_net:Epoch 259/5000, Train Loss (MSE): 0.00081227, Val Loss (MSE): 0.00014514, Best Epoch: 240, Best Val Loss: 0.00013904
INFO:nn_predictors.spils_net:Epoch 260/5000, Train Loss (MSE): 0.00081972, Val Loss (MSE): 0.00014776, Best Epoch: 240, Best Val Loss: 0.00013904
INFO:nn_predictors.spils_net:Epoch 261/5000, Train Loss (MSE): 0.00081435, Val Loss (MSE): 0.00016783, Best Epoch: 240, Best Val Loss: 0.00013904
INFO:nn_predictors.spils_net:Epoch 262/5000, Train Loss (MSE): 0.00080082, Val Loss (MSE): 0.00014415, Best Epoch: 240, Best Val Loss: 0.00013904
INFO:nn_predictors.spils_net:Epoch 263/5000, Train Loss (MSE): 0.00079916, Val Loss (MSE): 0.00013920, Best Epoch: 240, Best Val Loss: 0.00013904
INFO:nn_predictors.spils_net:Epoch 264/5000, Train Loss (MSE): 0.00080024, Val Loss (MSE): 0.00013201, Best Epoch: 264, Best Val Loss: 0.00013201
INFO:nn_predictors.spils_net:Epoch 265/5000, Train Loss (MSE): 0.00080272, Val Loss (MSE): 0.00014627, Best Epoch: 264, Best Val Loss: 0.00013201
INFO:nn_predictors.spils_net:Epoch 266/5000, Train Loss (MSE): 0.00080517, Val Loss (MSE): 0.00014231, Best Epoch: 264, Best Val Loss: 0.00013201
INFO:nn_predictors.spils_net:Epoch 267/5000, Train Loss (MSE): 0.00080184, Val Loss (MSE): 0.00013506, Best Epoch: 264, Best Val Loss: 0.00013201
INFO:nn_predictors.spils_net:Epoch 268/5000, Train Loss (MSE): 0.00079968, Val Loss (MSE): 0.00013554, Best Epoch: 264, Best Val Loss: 0.00013201
INFO:nn_predictors.spils_net:Epoch 269/5000, Train Loss (MSE): 0.00080000, Val Loss (MSE): 0.00013656, Best Epoch: 264, Best Val Loss: 0.00013201
INFO:nn_predictors.spils_net:Epoch 270/5000, Train Loss (MSE): 0.00079889, Val Loss (MSE): 0.00013870, Best Epoch: 264, Best Val Loss: 0.00013201
INFO:nn_predictors.spils_net:Epoch 271/5000, Train Loss (MSE): 0.00080067, Val Loss (MSE): 0.00013944, Best Epoch: 264, Best Val Loss: 0.00013201
INFO:nn_predictors.spils_net:Epoch 272/5000, Train Loss (MSE): 0.00079932, Val Loss (MSE): 0.00014308, Best Epoch: 264, Best Val Loss: 0.00013201
INFO:nn_predictors.spils_net:Epoch 273/5000, Train Loss (MSE): 0.00080266, Val Loss (MSE): 0.00013934, Best Epoch: 264, Best Val Loss: 0.00013201
INFO:nn_predictors.spils_net:Epoch 274/5000, Train Loss (MSE): 0.00079815, Val Loss (MSE): 0.00013277, Best Epoch: 264, Best Val Loss: 0.00013201
INFO:nn_predictors.spils_net:Epoch 275/5000, Train Loss (MSE): 0.00079997, Val Loss (MSE): 0.00013249, Best Epoch: 264, Best Val Loss: 0.00013201
INFO:nn_predictors.spils_net:Epoch 276/5000, Train Loss (MSE): 0.00079972, Val Loss (MSE): 0.00013701, Best Epoch: 264, Best Val Loss: 0.00013201
INFO:nn_predictors.spils_net:Epoch 277/5000, Train Loss (MSE): 0.00080278, Val Loss (MSE): 0.00013199, Best Epoch: 277, Best Val Loss: 0.00013199
INFO:nn_predictors.spils_net:Epoch 278/5000, Train Loss (MSE): 0.00080093, Val Loss (MSE): 0.00015071, Best Epoch: 277, Best Val Loss: 0.00013199
INFO:nn_predictors.spils_net:Epoch 279/5000, Train Loss (MSE): 0.00080144, Val Loss (MSE): 0.00013953, Best Epoch: 277, Best Val Loss: 0.00013199
INFO:nn_predictors.spils_net:Epoch 280/5000, Train Loss (MSE): 0.00080082, Val Loss (MSE): 0.00013890, Best Epoch: 277, Best Val Loss: 0.00013199
INFO:nn_predictors.spils_net:Epoch 281/5000, Train Loss (MSE): 0.00079682, Val Loss (MSE): 0.00014156, Best Epoch: 277, Best Val Loss: 0.00013199
INFO:nn_predictors.spils_net:Epoch 282/5000, Train Loss (MSE): 0.00079858, Val Loss (MSE): 0.00013625, Best Epoch: 277, Best Val Loss: 0.00013199
INFO:nn_predictors.spils_net:Epoch 283/5000, Train Loss (MSE): 0.00079713, Val Loss (MSE): 0.00013591, Best Epoch: 277, Best Val Loss: 0.00013199
INFO:nn_predictors.spils_net:Epoch 284/5000, Train Loss (MSE): 0.00079292, Val Loss (MSE): 0.00013280, Best Epoch: 277, Best Val Loss: 0.00013199
INFO:nn_predictors.spils_net:Epoch 285/5000, Train Loss (MSE): 0.00079437, Val Loss (MSE): 0.00013706, Best Epoch: 277, Best Val Loss: 0.00013199
INFO:nn_predictors.spils_net:Epoch 286/5000, Train Loss (MSE): 0.00079802, Val Loss (MSE): 0.00013960, Best Epoch: 277, Best Val Loss: 0.00013199
INFO:nn_predictors.spils_net:Epoch 287/5000, Train Loss (MSE): 0.00079781, Val Loss (MSE): 0.00013795, Best Epoch: 277, Best Val Loss: 0.00013199
INFO:nn_predictors.spils_net:Epoch 288/5000, Train Loss (MSE): 0.00079245, Val Loss (MSE): 0.00013287, Best Epoch: 277, Best Val Loss: 0.00013199
INFO:nn_predictors.spils_net:Epoch 289/5000, Train Loss (MSE): 0.00079452, Val Loss (MSE): 0.00013990, Best Epoch: 277, Best Val Loss: 0.00013199
INFO:nn_predictors.spils_net:Epoch 290/5000, Train Loss (MSE): 0.00080129, Val Loss (MSE): 0.00013472, Best Epoch: 277, Best Val Loss: 0.00013199
INFO:nn_predictors.spils_net:Epoch 291/5000, Train Loss (MSE): 0.00079726, Val Loss (MSE): 0.00013495, Best Epoch: 277, Best Val Loss: 0.00013199
INFO:nn_predictors.spils_net:Epoch 292/5000, Train Loss (MSE): 0.00079297, Val Loss (MSE): 0.00013346, Best Epoch: 277, Best Val Loss: 0.00013199
INFO:nn_predictors.spils_net:Epoch 293/5000, Train Loss (MSE): 0.00079203, Val Loss (MSE): 0.00013372, Best Epoch: 277, Best Val Loss: 0.00013199
INFO:nn_predictors.spils_net:Epoch 294/5000, Train Loss (MSE): 0.00079555, Val Loss (MSE): 0.00013545, Best Epoch: 277, Best Val Loss: 0.00013199
INFO:nn_predictors.spils_net:Epoch 295/5000, Train Loss (MSE): 0.00079369, Val Loss (MSE): 0.00013673, Best Epoch: 277, Best Val Loss: 0.00013199
INFO:nn_predictors.spils_net:Epoch 296/5000, Train Loss (MSE): 0.00078951, Val Loss (MSE): 0.00013737, Best Epoch: 277, Best Val Loss: 0.00013199
INFO:nn_predictors.spils_net:Epoch 297/5000, Train Loss (MSE): 0.00079102, Val Loss (MSE): 0.00014736, Best Epoch: 277, Best Val Loss: 0.00013199
INFO:nn_predictors.spils_net:Epoch 298/5000, Train Loss (MSE): 0.00079344, Val Loss (MSE): 0.00013574, Best Epoch: 277, Best Val Loss: 0.00013199
INFO:nn_predictors.spils_net:Epoch 299/5000, Train Loss (MSE): 0.00078752, Val Loss (MSE): 0.00013160, Best Epoch: 299, Best Val Loss: 0.00013160
INFO:nn_predictors.spils_net:Epoch 300/5000, Train Loss (MSE): 0.00078838, Val Loss (MSE): 0.00013120, Best Epoch: 300, Best Val Loss: 0.00013120
INFO:nn_predictors.spils_net:Epoch 301/5000, Train Loss (MSE): 0.00078756, Val Loss (MSE): 0.00013388, Best Epoch: 300, Best Val Loss: 0.00013120
INFO:nn_predictors.spils_net:Epoch 302/5000, Train Loss (MSE): 0.00079305, Val Loss (MSE): 0.00013323, Best Epoch: 300, Best Val Loss: 0.00013120
INFO:nn_predictors.spils_net:Epoch 303/5000, Train Loss (MSE): 0.00078307, Val Loss (MSE): 0.00013031, Best Epoch: 303, Best Val Loss: 0.00013031
INFO:nn_predictors.spils_net:Epoch 304/5000, Train Loss (MSE): 0.00078665, Val Loss (MSE): 0.00013041, Best Epoch: 303, Best Val Loss: 0.00013031
INFO:nn_predictors.spils_net:Epoch 305/5000, Train Loss (MSE): 0.00078921, Val Loss (MSE): 0.00012994, Best Epoch: 305, Best Val Loss: 0.00012994
INFO:nn_predictors.spils_net:Epoch 306/5000, Train Loss (MSE): 0.00078994, Val Loss (MSE): 0.00013222, Best Epoch: 305, Best Val Loss: 0.00012994
INFO:nn_predictors.spils_net:Epoch 307/5000, Train Loss (MSE): 0.00078753, Val Loss (MSE): 0.00013531, Best Epoch: 305, Best Val Loss: 0.00012994
INFO:nn_predictors.spils_net:Epoch 308/5000, Train Loss (MSE): 0.00078760, Val Loss (MSE): 0.00013114, Best Epoch: 305, Best Val Loss: 0.00012994
INFO:nn_predictors.spils_net:Epoch 309/5000, Train Loss (MSE): 0.00078622, Val Loss (MSE): 0.00013109, Best Epoch: 305, Best Val Loss: 0.00012994
INFO:nn_predictors.spils_net:Epoch 310/5000, Train Loss (MSE): 0.00078934, Val Loss (MSE): 0.00013023, Best Epoch: 305, Best Val Loss: 0.00012994
INFO:nn_predictors.spils_net:Epoch 311/5000, Train Loss (MSE): 0.00078709, Val Loss (MSE): 0.00013638, Best Epoch: 305, Best Val Loss: 0.00012994
INFO:nn_predictors.spils_net:Epoch 312/5000, Train Loss (MSE): 0.00079088, Val Loss (MSE): 0.00012915, Best Epoch: 312, Best Val Loss: 0.00012915
INFO:nn_predictors.spils_net:Epoch 313/5000, Train Loss (MSE): 0.00079164, Val Loss (MSE): 0.00013479, Best Epoch: 312, Best Val Loss: 0.00012915
INFO:nn_predictors.spils_net:Epoch 314/5000, Train Loss (MSE): 0.00078369, Val Loss (MSE): 0.00013172, Best Epoch: 312, Best Val Loss: 0.00012915
INFO:nn_predictors.spils_net:Epoch 315/5000, Train Loss (MSE): 0.00078621, Val Loss (MSE): 0.00013353, Best Epoch: 312, Best Val Loss: 0.00012915
INFO:nn_predictors.spils_net:Epoch 316/5000, Train Loss (MSE): 0.00078920, Val Loss (MSE): 0.00013205, Best Epoch: 312, Best Val Loss: 0.00012915
INFO:nn_predictors.spils_net:Epoch 317/5000, Train Loss (MSE): 0.00078635, Val Loss (MSE): 0.00013223, Best Epoch: 312, Best Val Loss: 0.00012915
INFO:nn_predictors.spils_net:Epoch 318/5000, Train Loss (MSE): 0.00078796, Val Loss (MSE): 0.00013613, Best Epoch: 312, Best Val Loss: 0.00012915
INFO:nn_predictors.spils_net:Epoch 319/5000, Train Loss (MSE): 0.00078927, Val Loss (MSE): 0.00013092, Best Epoch: 312, Best Val Loss: 0.00012915
INFO:nn_predictors.spils_net:Epoch 320/5000, Train Loss (MSE): 0.00078899, Val Loss (MSE): 0.00013546, Best Epoch: 312, Best Val Loss: 0.00012915
INFO:nn_predictors.spils_net:Epoch 321/5000, Train Loss (MSE): 0.00078807, Val Loss (MSE): 0.00013472, Best Epoch: 312, Best Val Loss: 0.00012915
INFO:nn_predictors.spils_net:Epoch 322/5000, Train Loss (MSE): 0.00078529, Val Loss (MSE): 0.00012962, Best Epoch: 312, Best Val Loss: 0.00012915
INFO:nn_predictors.spils_net:Epoch 323/5000, Train Loss (MSE): 0.00078580, Val Loss (MSE): 0.00013041, Best Epoch: 312, Best Val Loss: 0.00012915
INFO:nn_predictors.spils_net:Epoch 324/5000, Train Loss (MSE): 0.00078880, Val Loss (MSE): 0.00013098, Best Epoch: 312, Best Val Loss: 0.00012915
INFO:nn_predictors.spils_net:Epoch 325/5000, Train Loss (MSE): 0.00078337, Val Loss (MSE): 0.00013092, Best Epoch: 312, Best Val Loss: 0.00012915
INFO:nn_predictors.spils_net:Epoch 326/5000, Train Loss (MSE): 0.00078304, Val Loss (MSE): 0.00013207, Best Epoch: 312, Best Val Loss: 0.00012915
INFO:nn_predictors.spils_net:Epoch 327/5000, Train Loss (MSE): 0.00078659, Val Loss (MSE): 0.00013242, Best Epoch: 312, Best Val Loss: 0.00012915
INFO:nn_predictors.spils_net:Epoch 328/5000, Train Loss (MSE): 0.00078482, Val Loss (MSE): 0.00012959, Best Epoch: 312, Best Val Loss: 0.00012915
INFO:nn_predictors.spils_net:Epoch 329/5000, Train Loss (MSE): 0.00078593, Val Loss (MSE): 0.00013426, Best Epoch: 312, Best Val Loss: 0.00012915
INFO:nn_predictors.spils_net:Epoch 330/5000, Train Loss (MSE): 0.00078663, Val Loss (MSE): 0.00012952, Best Epoch: 312, Best Val Loss: 0.00012915
INFO:nn_predictors.spils_net:Epoch 331/5000, Train Loss (MSE): 0.00078437, Val Loss (MSE): 0.00013026, Best Epoch: 312, Best Val Loss: 0.00012915
INFO:nn_predictors.spils_net:Epoch 332/5000, Train Loss (MSE): 0.00078094, Val Loss (MSE): 0.00013294, Best Epoch: 312, Best Val Loss: 0.00012915
INFO:nn_predictors.spils_net:Epoch 333/5000, Train Loss (MSE): 0.00078417, Val Loss (MSE): 0.00013365, Best Epoch: 312, Best Val Loss: 0.00012915
INFO:nn_predictors.spils_net:Epoch 334/5000, Train Loss (MSE): 0.00078558, Val Loss (MSE): 0.00012931, Best Epoch: 312, Best Val Loss: 0.00012915
INFO:nn_predictors.spils_net:Epoch 335/5000, Train Loss (MSE): 0.00078530, Val Loss (MSE): 0.00012804, Best Epoch: 335, Best Val Loss: 0.00012804
INFO:nn_predictors.spils_net:Epoch 336/5000, Train Loss (MSE): 0.00077924, Val Loss (MSE): 0.00012735, Best Epoch: 336, Best Val Loss: 0.00012735
INFO:nn_predictors.spils_net:Epoch 337/5000, Train Loss (MSE): 0.00077623, Val Loss (MSE): 0.00012806, Best Epoch: 336, Best Val Loss: 0.00012735
INFO:nn_predictors.spils_net:Epoch 338/5000, Train Loss (MSE): 0.00078103, Val Loss (MSE): 0.00012810, Best Epoch: 336, Best Val Loss: 0.00012735
INFO:nn_predictors.spils_net:Epoch 339/5000, Train Loss (MSE): 0.00078855, Val Loss (MSE): 0.00013043, Best Epoch: 336, Best Val Loss: 0.00012735
INFO:nn_predictors.spils_net:Epoch 340/5000, Train Loss (MSE): 0.00078127, Val Loss (MSE): 0.00012958, Best Epoch: 336, Best Val Loss: 0.00012735
INFO:nn_predictors.spils_net:Epoch 341/5000, Train Loss (MSE): 0.00078084, Val Loss (MSE): 0.00012644, Best Epoch: 341, Best Val Loss: 0.00012644
INFO:nn_predictors.spils_net:Epoch 342/5000, Train Loss (MSE): 0.00078374, Val Loss (MSE): 0.00012593, Best Epoch: 342, Best Val Loss: 0.00012593
INFO:nn_predictors.spils_net:Epoch 343/5000, Train Loss (MSE): 0.00078101, Val Loss (MSE): 0.00012744, Best Epoch: 342, Best Val Loss: 0.00012593
INFO:nn_predictors.spils_net:Epoch 344/5000, Train Loss (MSE): 0.00077536, Val Loss (MSE): 0.00012810, Best Epoch: 342, Best Val Loss: 0.00012593
INFO:nn_predictors.spils_net:Epoch 345/5000, Train Loss (MSE): 0.00078112, Val Loss (MSE): 0.00012892, Best Epoch: 342, Best Val Loss: 0.00012593
INFO:nn_predictors.spils_net:Epoch 346/5000, Train Loss (MSE): 0.00078110, Val Loss (MSE): 0.00012967, Best Epoch: 342, Best Val Loss: 0.00012593
INFO:nn_predictors.spils_net:Epoch 347/5000, Train Loss (MSE): 0.00078103, Val Loss (MSE): 0.00012890, Best Epoch: 342, Best Val Loss: 0.00012593
INFO:nn_predictors.spils_net:Epoch 348/5000, Train Loss (MSE): 0.00078040, Val Loss (MSE): 0.00012791, Best Epoch: 342, Best Val Loss: 0.00012593
INFO:nn_predictors.spils_net:Epoch 349/5000, Train Loss (MSE): 0.00077920, Val Loss (MSE): 0.00012750, Best Epoch: 342, Best Val Loss: 0.00012593
INFO:nn_predictors.spils_net:Epoch 350/5000, Train Loss (MSE): 0.00078059, Val Loss (MSE): 0.00012747, Best Epoch: 342, Best Val Loss: 0.00012593
INFO:nn_predictors.spils_net:Epoch 351/5000, Train Loss (MSE): 0.00078068, Val Loss (MSE): 0.00012755, Best Epoch: 342, Best Val Loss: 0.00012593
INFO:nn_predictors.spils_net:Epoch 352/5000, Train Loss (MSE): 0.00078542, Val Loss (MSE): 0.00012793, Best Epoch: 342, Best Val Loss: 0.00012593
INFO:nn_predictors.spils_net:Epoch 353/5000, Train Loss (MSE): 0.00077961, Val Loss (MSE): 0.00013035, Best Epoch: 342, Best Val Loss: 0.00012593
INFO:nn_predictors.spils_net:Epoch 354/5000, Train Loss (MSE): 0.00077976, Val Loss (MSE): 0.00012725, Best Epoch: 342, Best Val Loss: 0.00012593
INFO:nn_predictors.spils_net:Epoch 355/5000, Train Loss (MSE): 0.00078207, Val Loss (MSE): 0.00012835, Best Epoch: 342, Best Val Loss: 0.00012593
INFO:nn_predictors.spils_net:Epoch 356/5000, Train Loss (MSE): 0.00077774, Val Loss (MSE): 0.00012932, Best Epoch: 342, Best Val Loss: 0.00012593
INFO:nn_predictors.spils_net:Epoch 357/5000, Train Loss (MSE): 0.00077911, Val Loss (MSE): 0.00013064, Best Epoch: 342, Best Val Loss: 0.00012593
INFO:nn_predictors.spils_net:Epoch 358/5000, Train Loss (MSE): 0.00077913, Val Loss (MSE): 0.00012817, Best Epoch: 342, Best Val Loss: 0.00012593
INFO:nn_predictors.spils_net:Epoch 359/5000, Train Loss (MSE): 0.00078212, Val Loss (MSE): 0.00012782, Best Epoch: 342, Best Val Loss: 0.00012593
INFO:nn_predictors.spils_net:Epoch 360/5000, Train Loss (MSE): 0.00078193, Val Loss (MSE): 0.00012828, Best Epoch: 342, Best Val Loss: 0.00012593
INFO:nn_predictors.spils_net:Epoch 361/5000, Train Loss (MSE): 0.00077809, Val Loss (MSE): 0.00012974, Best Epoch: 342, Best Val Loss: 0.00012593
INFO:nn_predictors.spils_net:Epoch 362/5000, Train Loss (MSE): 0.00077790, Val Loss (MSE): 0.00012660, Best Epoch: 342, Best Val Loss: 0.00012593
INFO:nn_predictors.spils_net:Epoch 363/5000, Train Loss (MSE): 0.00077748, Val Loss (MSE): 0.00012751, Best Epoch: 342, Best Val Loss: 0.00012593
INFO:nn_predictors.spils_net:Epoch 364/5000, Train Loss (MSE): 0.00077987, Val Loss (MSE): 0.00012755, Best Epoch: 342, Best Val Loss: 0.00012593
INFO:nn_predictors.spils_net:Epoch 365/5000, Train Loss (MSE): 0.00077868, Val Loss (MSE): 0.00012708, Best Epoch: 342, Best Val Loss: 0.00012593
INFO:nn_predictors.spils_net:Epoch 366/5000, Train Loss (MSE): 0.00077930, Val Loss (MSE): 0.00012713, Best Epoch: 342, Best Val Loss: 0.00012593
INFO:nn_predictors.spils_net:Epoch 367/5000, Train Loss (MSE): 0.00077977, Val Loss (MSE): 0.00012733, Best Epoch: 342, Best Val Loss: 0.00012593
INFO:nn_predictors.spils_net:Epoch 368/5000, Train Loss (MSE): 0.00077544, Val Loss (MSE): 0.00012623, Best Epoch: 342, Best Val Loss: 0.00012593
INFO:nn_predictors.spils_net:Epoch 369/5000, Train Loss (MSE): 0.00077681, Val Loss (MSE): 0.00012707, Best Epoch: 342, Best Val Loss: 0.00012593
INFO:nn_predictors.spils_net:Epoch 370/5000, Train Loss (MSE): 0.00077961, Val Loss (MSE): 0.00012636, Best Epoch: 342, Best Val Loss: 0.00012593
INFO:nn_predictors.spils_net:Epoch 371/5000, Train Loss (MSE): 0.00077355, Val Loss (MSE): 0.00012669, Best Epoch: 342, Best Val Loss: 0.00012593
INFO:nn_predictors.spils_net:Epoch 372/5000, Train Loss (MSE): 0.00077681, Val Loss (MSE): 0.00012841, Best Epoch: 342, Best Val Loss: 0.00012593
INFO:nn_predictors.spils_net:Epoch 373/5000, Train Loss (MSE): 0.00077712, Val Loss (MSE): 0.00012606, Best Epoch: 342, Best Val Loss: 0.00012593
INFO:nn_predictors.spils_net:Epoch 374/5000, Train Loss (MSE): 0.00077568, Val Loss (MSE): 0.00012703, Best Epoch: 342, Best Val Loss: 0.00012593
INFO:nn_predictors.spils_net:Epoch 375/5000, Train Loss (MSE): 0.00077525, Val Loss (MSE): 0.00012852, Best Epoch: 342, Best Val Loss: 0.00012593
INFO:nn_predictors.spils_net:Epoch 376/5000, Train Loss (MSE): 0.00077863, Val Loss (MSE): 0.00012780, Best Epoch: 342, Best Val Loss: 0.00012593
INFO:nn_predictors.spils_net:Epoch 377/5000, Train Loss (MSE): 0.00077835, Val Loss (MSE): 0.00012839, Best Epoch: 342, Best Val Loss: 0.00012593
INFO:nn_predictors.spils_net:Epoch 378/5000, Train Loss (MSE): 0.00077662, Val Loss (MSE): 0.00012816, Best Epoch: 342, Best Val Loss: 0.00012593
INFO:nn_predictors.spils_net:Epoch 379/5000, Train Loss (MSE): 0.00078070, Val Loss (MSE): 0.00012780, Best Epoch: 342, Best Val Loss: 0.00012593
INFO:nn_predictors.spils_net:Epoch 380/5000, Train Loss (MSE): 0.00077516, Val Loss (MSE): 0.00012742, Best Epoch: 342, Best Val Loss: 0.00012593
INFO:nn_predictors.spils_net:Epoch 381/5000, Train Loss (MSE): 0.00077565, Val Loss (MSE): 0.00012663, Best Epoch: 342, Best Val Loss: 0.00012593
INFO:nn_predictors.spils_net:Epoch 382/5000, Train Loss (MSE): 0.00077995, Val Loss (MSE): 0.00012625, Best Epoch: 342, Best Val Loss: 0.00012593
INFO:nn_predictors.spils_net:Epoch 383/5000, Train Loss (MSE): 0.00077919, Val Loss (MSE): 0.00012685, Best Epoch: 342, Best Val Loss: 0.00012593
INFO:nn_predictors.spils_net:Epoch 384/5000, Train Loss (MSE): 0.00077940, Val Loss (MSE): 0.00012753, Best Epoch: 342, Best Val Loss: 0.00012593
INFO:nn_predictors.spils_net:Epoch 385/5000, Train Loss (MSE): 0.00077233, Val Loss (MSE): 0.00012513, Best Epoch: 385, Best Val Loss: 0.00012513
INFO:nn_predictors.spils_net:Epoch 386/5000, Train Loss (MSE): 0.00077293, Val Loss (MSE): 0.00012636, Best Epoch: 385, Best Val Loss: 0.00012513
INFO:nn_predictors.spils_net:Epoch 387/5000, Train Loss (MSE): 0.00077677, Val Loss (MSE): 0.00012673, Best Epoch: 385, Best Val Loss: 0.00012513
INFO:nn_predictors.spils_net:Epoch 388/5000, Train Loss (MSE): 0.00077681, Val Loss (MSE): 0.00012520, Best Epoch: 385, Best Val Loss: 0.00012513
INFO:nn_predictors.spils_net:Epoch 389/5000, Train Loss (MSE): 0.00077327, Val Loss (MSE): 0.00012589, Best Epoch: 385, Best Val Loss: 0.00012513
INFO:nn_predictors.spils_net:Epoch 390/5000, Train Loss (MSE): 0.00077530, Val Loss (MSE): 0.00012505, Best Epoch: 390, Best Val Loss: 0.00012505
INFO:nn_predictors.spils_net:Epoch 391/5000, Train Loss (MSE): 0.00077556, Val Loss (MSE): 0.00012522, Best Epoch: 390, Best Val Loss: 0.00012505
INFO:nn_predictors.spils_net:Epoch 392/5000, Train Loss (MSE): 0.00077288, Val Loss (MSE): 0.00012687, Best Epoch: 390, Best Val Loss: 0.00012505
INFO:nn_predictors.spils_net:Epoch 393/5000, Train Loss (MSE): 0.00077271, Val Loss (MSE): 0.00012580, Best Epoch: 390, Best Val Loss: 0.00012505
INFO:nn_predictors.spils_net:Epoch 394/5000, Train Loss (MSE): 0.00077610, Val Loss (MSE): 0.00012649, Best Epoch: 390, Best Val Loss: 0.00012505
INFO:nn_predictors.spils_net:Epoch 395/5000, Train Loss (MSE): 0.00077539, Val Loss (MSE): 0.00012575, Best Epoch: 390, Best Val Loss: 0.00012505
INFO:nn_predictors.spils_net:Epoch 396/5000, Train Loss (MSE): 0.00077921, Val Loss (MSE): 0.00012672, Best Epoch: 390, Best Val Loss: 0.00012505
INFO:nn_predictors.spils_net:Epoch 397/5000, Train Loss (MSE): 0.00077775, Val Loss (MSE): 0.00012514, Best Epoch: 390, Best Val Loss: 0.00012505
INFO:nn_predictors.spils_net:Epoch 398/5000, Train Loss (MSE): 0.00077324, Val Loss (MSE): 0.00012467, Best Epoch: 398, Best Val Loss: 0.00012467
INFO:nn_predictors.spils_net:Epoch 399/5000, Train Loss (MSE): 0.00077979, Val Loss (MSE): 0.00012515, Best Epoch: 398, Best Val Loss: 0.00012467
INFO:nn_predictors.spils_net:Epoch 400/5000, Train Loss (MSE): 0.00077231, Val Loss (MSE): 0.00012573, Best Epoch: 398, Best Val Loss: 0.00012467
INFO:nn_predictors.spils_net:Epoch 401/5000, Train Loss (MSE): 0.00077512, Val Loss (MSE): 0.00012672, Best Epoch: 398, Best Val Loss: 0.00012467
INFO:nn_predictors.spils_net:Epoch 402/5000, Train Loss (MSE): 0.00077665, Val Loss (MSE): 0.00012759, Best Epoch: 398, Best Val Loss: 0.00012467
INFO:nn_predictors.spils_net:Epoch 403/5000, Train Loss (MSE): 0.00077776, Val Loss (MSE): 0.00012721, Best Epoch: 398, Best Val Loss: 0.00012467
INFO:nn_predictors.spils_net:Epoch 404/5000, Train Loss (MSE): 0.00077479, Val Loss (MSE): 0.00012682, Best Epoch: 398, Best Val Loss: 0.00012467
INFO:nn_predictors.spils_net:Epoch 405/5000, Train Loss (MSE): 0.00077763, Val Loss (MSE): 0.00012582, Best Epoch: 398, Best Val Loss: 0.00012467
INFO:nn_predictors.spils_net:Epoch 406/5000, Train Loss (MSE): 0.00077505, Val Loss (MSE): 0.00012503, Best Epoch: 398, Best Val Loss: 0.00012467
INFO:nn_predictors.spils_net:Epoch 407/5000, Train Loss (MSE): 0.00078029, Val Loss (MSE): 0.00012593, Best Epoch: 398, Best Val Loss: 0.00012467
INFO:nn_predictors.spils_net:Epoch 408/5000, Train Loss (MSE): 0.00077750, Val Loss (MSE): 0.00012638, Best Epoch: 398, Best Val Loss: 0.00012467
INFO:nn_predictors.spils_net:Epoch 409/5000, Train Loss (MSE): 0.00077646, Val Loss (MSE): 0.00012578, Best Epoch: 398, Best Val Loss: 0.00012467
INFO:nn_predictors.spils_net:Epoch 410/5000, Train Loss (MSE): 0.00077611, Val Loss (MSE): 0.00012529, Best Epoch: 398, Best Val Loss: 0.00012467
INFO:nn_predictors.spils_net:Epoch 411/5000, Train Loss (MSE): 0.00077454, Val Loss (MSE): 0.00012810, Best Epoch: 398, Best Val Loss: 0.00012467
INFO:nn_predictors.spils_net:Epoch 412/5000, Train Loss (MSE): 0.00077353, Val Loss (MSE): 0.00012745, Best Epoch: 398, Best Val Loss: 0.00012467
INFO:nn_predictors.spils_net:Epoch 413/5000, Train Loss (MSE): 0.00077327, Val Loss (MSE): 0.00012553, Best Epoch: 398, Best Val Loss: 0.00012467
INFO:nn_predictors.spils_net:Epoch 414/5000, Train Loss (MSE): 0.00077523, Val Loss (MSE): 0.00012655, Best Epoch: 398, Best Val Loss: 0.00012467
INFO:nn_predictors.spils_net:Epoch 415/5000, Train Loss (MSE): 0.00077967, Val Loss (MSE): 0.00012665, Best Epoch: 398, Best Val Loss: 0.00012467
INFO:nn_predictors.spils_net:Epoch 416/5000, Train Loss (MSE): 0.00077426, Val Loss (MSE): 0.00012581, Best Epoch: 398, Best Val Loss: 0.00012467
INFO:nn_predictors.spils_net:Epoch 417/5000, Train Loss (MSE): 0.00077728, Val Loss (MSE): 0.00012520, Best Epoch: 398, Best Val Loss: 0.00012467
INFO:nn_predictors.spils_net:Epoch 418/5000, Train Loss (MSE): 0.00077702, Val Loss (MSE): 0.00012499, Best Epoch: 398, Best Val Loss: 0.00012467
INFO:nn_predictors.spils_net:Epoch 419/5000, Train Loss (MSE): 0.00077276, Val Loss (MSE): 0.00012494, Best Epoch: 398, Best Val Loss: 0.00012467
INFO:nn_predictors.spils_net:Epoch 420/5000, Train Loss (MSE): 0.00077219, Val Loss (MSE): 0.00012601, Best Epoch: 398, Best Val Loss: 0.00012467
INFO:nn_predictors.spils_net:Epoch 421/5000, Train Loss (MSE): 0.00077612, Val Loss (MSE): 0.00012624, Best Epoch: 398, Best Val Loss: 0.00012467
INFO:nn_predictors.spils_net:Epoch 422/5000, Train Loss (MSE): 0.00077210, Val Loss (MSE): 0.00012612, Best Epoch: 398, Best Val Loss: 0.00012467
INFO:nn_predictors.spils_net:Epoch 423/5000, Train Loss (MSE): 0.00077615, Val Loss (MSE): 0.00012524, Best Epoch: 398, Best Val Loss: 0.00012467
INFO:nn_predictors.spils_net:Epoch 424/5000, Train Loss (MSE): 0.00077371, Val Loss (MSE): 0.00012556, Best Epoch: 398, Best Val Loss: 0.00012467
INFO:nn_predictors.spils_net:Epoch 425/5000, Train Loss (MSE): 0.00077091, Val Loss (MSE): 0.00012559, Best Epoch: 398, Best Val Loss: 0.00012467
INFO:nn_predictors.spils_net:Epoch 426/5000, Train Loss (MSE): 0.00077421, Val Loss (MSE): 0.00012649, Best Epoch: 398, Best Val Loss: 0.00012467
INFO:nn_predictors.spils_net:Epoch 427/5000, Train Loss (MSE): 0.00077556, Val Loss (MSE): 0.00012500, Best Epoch: 398, Best Val Loss: 0.00012467
INFO:nn_predictors.spils_net:Epoch 428/5000, Train Loss (MSE): 0.00077766, Val Loss (MSE): 0.00012555, Best Epoch: 398, Best Val Loss: 0.00012467
INFO:nn_predictors.spils_net:Epoch 429/5000, Train Loss (MSE): 0.00077499, Val Loss (MSE): 0.00012570, Best Epoch: 398, Best Val Loss: 0.00012467
INFO:nn_predictors.spils_net:Epoch 430/5000, Train Loss (MSE): 0.00077430, Val Loss (MSE): 0.00012560, Best Epoch: 398, Best Val Loss: 0.00012467
INFO:nn_predictors.spils_net:Epoch 431/5000, Train Loss (MSE): 0.00077292, Val Loss (MSE): 0.00012538, Best Epoch: 398, Best Val Loss: 0.00012467
INFO:nn_predictors.spils_net:Epoch 432/5000, Train Loss (MSE): 0.00077458, Val Loss (MSE): 0.00012515, Best Epoch: 398, Best Val Loss: 0.00012467
INFO:nn_predictors.spils_net:Epoch 433/5000, Train Loss (MSE): 0.00077386, Val Loss (MSE): 0.00012460, Best Epoch: 433, Best Val Loss: 0.00012460
INFO:nn_predictors.spils_net:Epoch 434/5000, Train Loss (MSE): 0.00077061, Val Loss (MSE): 0.00012499, Best Epoch: 433, Best Val Loss: 0.00012460
INFO:nn_predictors.spils_net:Epoch 435/5000, Train Loss (MSE): 0.00077348, Val Loss (MSE): 0.00012607, Best Epoch: 433, Best Val Loss: 0.00012460
INFO:nn_predictors.spils_net:Epoch 436/5000, Train Loss (MSE): 0.00077420, Val Loss (MSE): 0.00012633, Best Epoch: 433, Best Val Loss: 0.00012460
INFO:nn_predictors.spils_net:Epoch 437/5000, Train Loss (MSE): 0.00077145, Val Loss (MSE): 0.00012514, Best Epoch: 433, Best Val Loss: 0.00012460
INFO:nn_predictors.spils_net:Epoch 438/5000, Train Loss (MSE): 0.00077069, Val Loss (MSE): 0.00012496, Best Epoch: 433, Best Val Loss: 0.00012460
INFO:nn_predictors.spils_net:Epoch 439/5000, Train Loss (MSE): 0.00077460, Val Loss (MSE): 0.00012594, Best Epoch: 433, Best Val Loss: 0.00012460
INFO:nn_predictors.spils_net:Epoch 440/5000, Train Loss (MSE): 0.00077673, Val Loss (MSE): 0.00012659, Best Epoch: 433, Best Val Loss: 0.00012460
INFO:nn_predictors.spils_net:Epoch 441/5000, Train Loss (MSE): 0.00077581, Val Loss (MSE): 0.00012484, Best Epoch: 433, Best Val Loss: 0.00012460
INFO:nn_predictors.spils_net:Epoch 442/5000, Train Loss (MSE): 0.00077648, Val Loss (MSE): 0.00012568, Best Epoch: 433, Best Val Loss: 0.00012460
INFO:nn_predictors.spils_net:Epoch 443/5000, Train Loss (MSE): 0.00077506, Val Loss (MSE): 0.00012508, Best Epoch: 433, Best Val Loss: 0.00012460
INFO:nn_predictors.spils_net:Epoch 444/5000, Train Loss (MSE): 0.00077645, Val Loss (MSE): 0.00012570, Best Epoch: 433, Best Val Loss: 0.00012460
INFO:nn_predictors.spils_net:Epoch 445/5000, Train Loss (MSE): 0.00077300, Val Loss (MSE): 0.00012493, Best Epoch: 433, Best Val Loss: 0.00012460
INFO:nn_predictors.spils_net:Epoch 446/5000, Train Loss (MSE): 0.00078229, Val Loss (MSE): 0.00012565, Best Epoch: 433, Best Val Loss: 0.00012460
INFO:nn_predictors.spils_net:Epoch 447/5000, Train Loss (MSE): 0.00077775, Val Loss (MSE): 0.00012489, Best Epoch: 433, Best Val Loss: 0.00012460
INFO:nn_predictors.spils_net:Epoch 448/5000, Train Loss (MSE): 0.00077600, Val Loss (MSE): 0.00012576, Best Epoch: 433, Best Val Loss: 0.00012460
INFO:nn_predictors.spils_net:Epoch 449/5000, Train Loss (MSE): 0.00077767, Val Loss (MSE): 0.00012588, Best Epoch: 433, Best Val Loss: 0.00012460
INFO:nn_predictors.spils_net:Epoch 450/5000, Train Loss (MSE): 0.00077649, Val Loss (MSE): 0.00012564, Best Epoch: 433, Best Val Loss: 0.00012460
INFO:nn_predictors.spils_net:Epoch 451/5000, Train Loss (MSE): 0.00077600, Val Loss (MSE): 0.00012478, Best Epoch: 433, Best Val Loss: 0.00012460
INFO:nn_predictors.spils_net:Epoch 452/5000, Train Loss (MSE): 0.00077505, Val Loss (MSE): 0.00012519, Best Epoch: 433, Best Val Loss: 0.00012460
INFO:nn_predictors.spils_net:Epoch 453/5000, Train Loss (MSE): 0.00077347, Val Loss (MSE): 0.00012502, Best Epoch: 433, Best Val Loss: 0.00012460
INFO:nn_predictors.spils_net:Epoch 454/5000, Train Loss (MSE): 0.00077948, Val Loss (MSE): 0.00012548, Best Epoch: 433, Best Val Loss: 0.00012460
INFO:nn_predictors.spils_net:Epoch 455/5000, Train Loss (MSE): 0.00077477, Val Loss (MSE): 0.00012605, Best Epoch: 433, Best Val Loss: 0.00012460
INFO:nn_predictors.spils_net:Epoch 456/5000, Train Loss (MSE): 0.00077693, Val Loss (MSE): 0.00012584, Best Epoch: 433, Best Val Loss: 0.00012460
INFO:nn_predictors.spils_net:Epoch 457/5000, Train Loss (MSE): 0.00077644, Val Loss (MSE): 0.00012479, Best Epoch: 433, Best Val Loss: 0.00012460
INFO:nn_predictors.spils_net:Epoch 458/5000, Train Loss (MSE): 0.00077337, Val Loss (MSE): 0.00012515, Best Epoch: 433, Best Val Loss: 0.00012460
INFO:nn_predictors.spils_net:Epoch 459/5000, Train Loss (MSE): 0.00077288, Val Loss (MSE): 0.00012544, Best Epoch: 433, Best Val Loss: 0.00012460
INFO:nn_predictors.spils_net:Epoch 460/5000, Train Loss (MSE): 0.00077634, Val Loss (MSE): 0.00012546, Best Epoch: 433, Best Val Loss: 0.00012460
INFO:nn_predictors.spils_net:Epoch 461/5000, Train Loss (MSE): 0.00077056, Val Loss (MSE): 0.00012530, Best Epoch: 433, Best Val Loss: 0.00012460
INFO:nn_predictors.spils_net:Epoch 462/5000, Train Loss (MSE): 0.00077288, Val Loss (MSE): 0.00012533, Best Epoch: 433, Best Val Loss: 0.00012460
INFO:nn_predictors.spils_net:Epoch 463/5000, Train Loss (MSE): 0.00077373, Val Loss (MSE): 0.00012536, Best Epoch: 433, Best Val Loss: 0.00012460
INFO:nn_predictors.spils_net:Epoch 464/5000, Train Loss (MSE): 0.00077193, Val Loss (MSE): 0.00012581, Best Epoch: 433, Best Val Loss: 0.00012460
INFO:nn_predictors.spils_net:Epoch 465/5000, Train Loss (MSE): 0.00077266, Val Loss (MSE): 0.00012508, Best Epoch: 433, Best Val Loss: 0.00012460
INFO:nn_predictors.spils_net:Epoch 466/5000, Train Loss (MSE): 0.00077782, Val Loss (MSE): 0.00012523, Best Epoch: 433, Best Val Loss: 0.00012460
INFO:nn_predictors.spils_net:Epoch 467/5000, Train Loss (MSE): 0.00077305, Val Loss (MSE): 0.00012527, Best Epoch: 433, Best Val Loss: 0.00012460
INFO:nn_predictors.spils_net:Epoch 468/5000, Train Loss (MSE): 0.00077017, Val Loss (MSE): 0.00012526, Best Epoch: 433, Best Val Loss: 0.00012460
INFO:nn_predictors.spils_net:Epoch 469/5000, Train Loss (MSE): 0.00077792, Val Loss (MSE): 0.00012479, Best Epoch: 433, Best Val Loss: 0.00012460
INFO:nn_predictors.spils_net:Epoch 470/5000, Train Loss (MSE): 0.00076918, Val Loss (MSE): 0.00012545, Best Epoch: 433, Best Val Loss: 0.00012460
INFO:nn_predictors.spils_net:Epoch 471/5000, Train Loss (MSE): 0.00077670, Val Loss (MSE): 0.00012535, Best Epoch: 433, Best Val Loss: 0.00012460
INFO:nn_predictors.spils_net:Epoch 472/5000, Train Loss (MSE): 0.00077390, Val Loss (MSE): 0.00012553, Best Epoch: 433, Best Val Loss: 0.00012460
INFO:nn_predictors.spils_net:Epoch 473/5000, Train Loss (MSE): 0.00077180, Val Loss (MSE): 0.00012508, Best Epoch: 433, Best Val Loss: 0.00012460
INFO:nn_predictors.spils_net:Epoch 474/5000, Train Loss (MSE): 0.00077177, Val Loss (MSE): 0.00012574, Best Epoch: 433, Best Val Loss: 0.00012460
INFO:nn_predictors.spils_net:Epoch 475/5000, Train Loss (MSE): 0.00077537, Val Loss (MSE): 0.00012536, Best Epoch: 433, Best Val Loss: 0.00012460
INFO:nn_predictors.spils_net:Epoch 476/5000, Train Loss (MSE): 0.00077940, Val Loss (MSE): 0.00012542, Best Epoch: 433, Best Val Loss: 0.00012460
INFO:nn_predictors.spils_net:Epoch 477/5000, Train Loss (MSE): 0.00077145, Val Loss (MSE): 0.00012473, Best Epoch: 433, Best Val Loss: 0.00012460
INFO:nn_predictors.spils_net:Epoch 478/5000, Train Loss (MSE): 0.00077739, Val Loss (MSE): 0.00012472, Best Epoch: 433, Best Val Loss: 0.00012460
INFO:nn_predictors.spils_net:Epoch 479/5000, Train Loss (MSE): 0.00076722, Val Loss (MSE): 0.00012545, Best Epoch: 433, Best Val Loss: 0.00012460
INFO:nn_predictors.spils_net:Epoch 480/5000, Train Loss (MSE): 0.00077413, Val Loss (MSE): 0.00012521, Best Epoch: 433, Best Val Loss: 0.00012460
INFO:nn_predictors.spils_net:Epoch 481/5000, Train Loss (MSE): 0.00077189, Val Loss (MSE): 0.00012499, Best Epoch: 433, Best Val Loss: 0.00012460
INFO:nn_predictors.spils_net:Epoch 482/5000, Train Loss (MSE): 0.00077488, Val Loss (MSE): 0.00012537, Best Epoch: 433, Best Val Loss: 0.00012460
INFO:nn_predictors.spils_net:Epoch 483/5000, Train Loss (MSE): 0.00077267, Val Loss (MSE): 0.00012510, Best Epoch: 433, Best Val Loss: 0.00012460
INFO:nn_predictors.spils_net:Training finished!
INFO:nn_predictors.spils_net:Final Test Loss (L1): 1.52869967, Internal Loss (L1): 0.00952974
INFO:__main__:Finished training model
INFO:__main__:Training time: 3083.4667806625366 seconds
INFO:nn_predictors.spils_net:Final Test Loss (L1): 1.52714019, Internal Loss (L1): 0.00950512
Early stopping triggered.
End: Fri Feb 27 13:18:40 CET 2026
